TimeQuest Timing Analyzer report for decodificador
Fri Sep 25 00:00:03 2020
Quartus II 64-Bit Version 13.1.0 Build 162 10/23/2013 SJ Full Version


---------------------
; Table of Contents ;
---------------------
  1. Legal Notice
  2. TimeQuest Timing Analyzer Summary
  3. Parallel Compilation
  4. Clocks
  5. Slow 1200mV 85C Model Fmax Summary
  6. Timing Closure Recommendations
  7. Slow 1200mV 85C Model Setup Summary
  8. Slow 1200mV 85C Model Hold Summary
  9. Slow 1200mV 85C Model Recovery Summary
 10. Slow 1200mV 85C Model Removal Summary
 11. Slow 1200mV 85C Model Minimum Pulse Width Summary
 12. Propagation Delay
 13. Minimum Propagation Delay
 14. Slow 1200mV 85C Model Metastability Report
 15. Slow 1200mV 0C Model Fmax Summary
 16. Slow 1200mV 0C Model Setup Summary
 17. Slow 1200mV 0C Model Hold Summary
 18. Slow 1200mV 0C Model Recovery Summary
 19. Slow 1200mV 0C Model Removal Summary
 20. Slow 1200mV 0C Model Minimum Pulse Width Summary
 21. Propagation Delay
 22. Minimum Propagation Delay
 23. Slow 1200mV 0C Model Metastability Report
 24. Fast 1200mV 0C Model Setup Summary
 25. Fast 1200mV 0C Model Hold Summary
 26. Fast 1200mV 0C Model Recovery Summary
 27. Fast 1200mV 0C Model Removal Summary
 28. Fast 1200mV 0C Model Minimum Pulse Width Summary
 29. Propagation Delay
 30. Minimum Propagation Delay
 31. Fast 1200mV 0C Model Metastability Report
 32. Multicorner Timing Analysis Summary
 33. Propagation Delay
 34. Minimum Propagation Delay
 35. Board Trace Model Assignments
 36. Input Transition Times
 37. Signal Integrity Metrics (Slow 1200mv 0c Model)
 38. Signal Integrity Metrics (Slow 1200mv 85c Model)
 39. Signal Integrity Metrics (Fast 1200mv 0c Model)
 40. Clock Transfers
 41. Report TCCS
 42. Report RSKM
 43. Unconstrained Paths
 44. TimeQuest Timing Analyzer Messages



----------------
; Legal Notice ;
----------------
Copyright (C) 1991-2013 Altera Corporation
Your use of Altera Corporation's design tools, logic functions 
and other software and tools, and its AMPP partner logic 
functions, and any output files from any of the foregoing 
(including device programming or simulation files), and any 
associated documentation or information are expressly subject 
to the terms and conditions of the Altera Program License 
Subscription Agreement, Altera MegaCore Function License 
Agreement, or other applicable license agreement, including, 
without limitation, that your use is for the sole purpose of 
programming logic devices manufactured by Altera and sold by 
Altera or its authorized distributors.  Please refer to the 
applicable agreement for further details.



+--------------------------------------------------------------------------+
; TimeQuest Timing Analyzer Summary                                        ;
+--------------------+-----------------------------------------------------+
; Quartus II Version ; Version 13.1.0 Build 162 10/23/2013 SJ Full Version ;
; Revision Name      ; decodificador                                       ;
; Device Family      ; Cyclone IV GX                                       ;
; Device Name        ; EP4CGX150DF31C7                                     ;
; Timing Models      ; Final                                               ;
; Delay Model        ; Combined                                            ;
; Rise/Fall Delays   ; Enabled                                             ;
+--------------------+-----------------------------------------------------+


+------------------------------------------+
; Parallel Compilation                     ;
+----------------------------+-------------+
; Processors                 ; Number      ;
+----------------------------+-------------+
; Number detected on machine ; 12          ;
; Maximum allowed            ; 12          ;
;                            ;             ;
; Average used               ; 1.00        ;
; Maximum used               ; 12          ;
;                            ;             ;
; Usage by Processor         ; % Time Used ;
;     Processor 1            ; 100.0%      ;
;     Processors 2-12        ; < 0.1%      ;
+----------------------------+-------------+


----------
; Clocks ;
----------
No clocks to report.


--------------------------------------
; Slow 1200mV 85C Model Fmax Summary ;
--------------------------------------
No paths to report.


----------------------------------
; Timing Closure Recommendations ;
----------------------------------
HTML report is unavailable in plain text report export.


---------------------------------------
; Slow 1200mV 85C Model Setup Summary ;
---------------------------------------
No paths to report.


--------------------------------------
; Slow 1200mV 85C Model Hold Summary ;
--------------------------------------
No paths to report.


------------------------------------------
; Slow 1200mV 85C Model Recovery Summary ;
------------------------------------------
No paths to report.


-----------------------------------------
; Slow 1200mV 85C Model Removal Summary ;
-----------------------------------------
No paths to report.


-----------------------------------------------------
; Slow 1200mV 85C Model Minimum Pulse Width Summary ;
-----------------------------------------------------
No paths to report.


+--------------------------------------------------------------+
; Propagation Delay                                            ;
+------------+-------------+--------+--------+--------+--------+
; Input Port ; Output Port ; RR     ; RF     ; FR     ; FF     ;
+------------+-------------+--------+--------+--------+--------+
; A0[0]      ; S0[0]       ; 10.455 ; 10.356 ; 10.997 ; 10.919 ;
; A0[0]      ; S0[1]       ; 11.234 ; 11.134 ; 11.750 ; 11.709 ;
; A0[0]      ; S0[2]       ;        ; 12.668 ; 13.202 ;        ;
; A0[0]      ; S0[3]       ; 11.719 ; 11.615 ; 12.261 ; 12.178 ;
; A0[0]      ; S0[4]       ; 11.044 ;        ;        ; 11.482 ;
; A0[0]      ; S0[5]       ; 10.992 ;        ;        ; 11.429 ;
; A0[0]      ; S0[6]       ; 10.304 ;        ;        ; 10.951 ;
; A0[1]      ; S0[0]       ; 10.053 ; 9.947  ; 10.607 ; 10.492 ;
; A0[1]      ; S0[1]       ; 10.848 ; 10.773 ; 11.401 ; 11.317 ;
; A0[1]      ; S0[2]       ; 12.300 ;        ;        ; 12.848 ;
; A0[1]      ; S0[3]       ; 11.317 ; 11.206 ; 11.870 ; 11.750 ;
; A0[1]      ; S0[4]       ; 10.642 ; 10.489 ; 11.195 ; 11.033 ;
; A0[1]      ; S0[5]       ; 10.590 ;        ;        ; 11.000 ;
; A0[1]      ; S0[6]       ; 9.943  ; 10.049 ; 10.487 ; 10.602 ;
; A0[2]      ; S0[0]       ; 10.520 ; 10.410 ; 11.071 ; 11.000 ;
; A0[2]      ; S0[1]       ; 11.318 ;        ;        ; 11.830 ;
; A0[2]      ; S0[2]       ; 12.770 ; 12.773 ; 13.320 ; 13.360 ;
; A0[2]      ; S0[3]       ; 11.785 ; 11.670 ; 12.336 ; 12.261 ;
; A0[2]      ; S0[4]       ; 11.113 ;        ;        ; 11.546 ;
; A0[2]      ; S0[5]       ; 11.061 ; 10.927 ; 11.611 ; 11.513 ;
; A0[2]      ; S0[6]       ; 10.410 ; 10.517 ; 10.997 ; 11.068 ;
; A0[3]      ; S0[0]       ; 8.969  ; 8.933  ; 9.468  ; 9.349  ;
; A0[3]      ; S0[1]       ; 9.790  ;        ;        ; 10.153 ;
; A0[3]      ; S0[2]       ; 11.242 ;        ;        ; 11.717 ;
; A0[3]      ; S0[3]       ; 10.235 ; 10.194 ; 10.735 ; 10.611 ;
; A0[3]      ; S0[4]       ; 9.544  ;        ;        ; 9.835  ;
; A0[3]      ; S0[5]       ; 9.535  ; 9.455  ; 10.019 ; 9.873  ;
; A0[3]      ; S0[6]       ; 8.925  ; 9.004  ; 9.375  ; 9.453  ;
; A1[0]      ; S1[0]       ; 10.901 ; 10.783 ; 11.431 ; 11.421 ;
; A1[0]      ; S1[1]       ; 12.484 ; 12.516 ; 13.112 ; 13.067 ;
; A1[0]      ; S1[2]       ;        ; 10.881 ; 11.542 ;        ;
; A1[0]      ; S1[3]       ; 11.539 ; 11.433 ; 12.067 ; 12.069 ;
; A1[0]      ; S1[4]       ; 11.622 ;        ;        ; 12.112 ;
; A1[0]      ; S1[5]       ; 13.571 ;        ;        ; 13.930 ;
; A1[0]      ; S1[6]       ; 12.699 ;        ;        ; 13.460 ;
; A1[1]      ; S1[0]       ; 10.786 ; 10.759 ; 11.376 ; 11.283 ;
; A1[1]      ; S1[1]       ; 12.426 ; 12.410 ; 12.964 ; 13.000 ;
; A1[1]      ; S1[2]       ; 10.829 ;        ;        ; 11.310 ;
; A1[1]      ; S1[3]       ; 11.426 ; 11.411 ; 12.016 ; 11.935 ;
; A1[1]      ; S1[4]       ; 11.501 ; 11.346 ; 12.011 ; 11.915 ;
; A1[1]      ; S1[5]       ; 13.479 ;        ;        ; 13.803 ;
; A1[1]      ; S1[6]       ; 12.644 ; 12.784 ; 13.201 ; 13.340 ;
; A1[2]      ; S1[0]       ; 10.159 ; 10.079 ; 10.707 ; 10.618 ;
; A1[2]      ; S1[1]       ; 11.799 ;        ;        ; 12.336 ;
; A1[2]      ; S1[2]       ; 10.183 ; 10.100 ; 10.732 ; 10.640 ;
; A1[2]      ; S1[3]       ; 10.798 ; 10.730 ; 11.347 ; 11.270 ;
; A1[2]      ; S1[4]       ; 10.876 ;        ;        ; 11.284 ;
; A1[2]      ; S1[5]       ; 12.832 ; 12.592 ; 13.381 ; 13.132 ;
; A1[2]      ; S1[6]       ; 11.975 ; 12.142 ; 12.515 ; 12.691 ;
; A1[3]      ; S1[0]       ; 9.986  ; 9.902  ; 10.497 ; 10.453 ;
; A1[3]      ; S1[1]       ; 11.627 ;        ;        ; 12.171 ;
; A1[3]      ; S1[2]       ; 10.013 ;        ;        ; 10.477 ;
; A1[3]      ; S1[3]       ; 10.627 ; 10.555 ; 11.138 ; 11.106 ;
; A1[3]      ; S1[4]       ; 10.702 ;        ;        ; 11.117 ;
; A1[3]      ; S1[5]       ; 12.660 ; 12.418 ; 13.174 ; 12.970 ;
; A1[3]      ; S1[6]       ; 11.800 ; 11.968 ; 12.346 ; 12.478 ;
+------------+-------------+--------+--------+--------+--------+


+--------------------------------------------------------------+
; Minimum Propagation Delay                                    ;
+------------+-------------+--------+--------+--------+--------+
; Input Port ; Output Port ; RR     ; RF     ; FR     ; FF     ;
+------------+-------------+--------+--------+--------+--------+
; A0[0]      ; S0[0]       ; 10.089 ; 9.991  ; 10.621 ; 10.544 ;
; A0[0]      ; S0[1]       ; 10.839 ; 10.741 ; 11.345 ; 11.304 ;
; A0[0]      ; S0[2]       ;        ; 12.272 ; 12.792 ;        ;
; A0[0]      ; S0[3]       ; 11.249 ; 11.201 ; 11.835 ; 11.677 ;
; A0[0]      ; S0[4]       ; 10.599 ;        ;        ; 10.988 ;
; A0[0]      ; S0[5]       ; 10.551 ;        ;        ; 10.958 ;
; A0[0]      ; S0[6]       ; 9.943  ;        ;        ; 10.576 ;
; A0[1]      ; S0[0]       ; 9.705  ; 9.600  ; 10.247 ; 10.134 ;
; A0[1]      ; S0[1]       ; 10.469 ; 10.394 ; 11.011 ; 10.928 ;
; A0[1]      ; S0[2]       ; 11.915 ;        ;        ; 12.455 ;
; A0[1]      ; S0[3]       ; 10.919 ; 10.810 ; 11.461 ; 11.344 ;
; A0[1]      ; S0[4]       ; 10.270 ; 10.121 ; 10.811 ; 10.654 ;
; A0[1]      ; S0[5]       ; 10.219 ;        ;        ; 10.624 ;
; A0[1]      ; S0[6]       ; 9.597  ; 9.700  ; 10.131 ; 10.242 ;
; A0[2]      ; S0[0]       ; 10.152 ; 10.044 ; 10.692 ; 10.621 ;
; A0[2]      ; S0[1]       ; 10.917 ;        ;        ; 11.418 ;
; A0[2]      ; S0[2]       ; 12.366 ; 12.372 ; 12.905 ; 12.946 ;
; A0[2]      ; S0[3]       ; 11.365 ; 11.255 ; 11.907 ; 11.832 ;
; A0[2]      ; S0[4]       ; 10.721 ;        ;        ; 11.146 ;
; A0[2]      ; S0[5]       ; 10.670 ; 10.538 ; 11.209 ; 11.115 ;
; A0[2]      ; S0[6]       ; 10.042 ; 10.148 ; 10.619 ; 10.687 ;
; A0[3]      ; S0[0]       ; 8.626  ; 8.633  ; 9.153  ; 8.963  ;
; A0[3]      ; S0[1]       ; 9.400  ;        ;        ; 9.774  ;
; A0[3]      ; S0[2]       ; 10.847 ;        ;        ; 11.295 ;
; A0[3]      ; S0[3]       ; 9.843  ; 9.846  ; 10.370 ; 10.176 ;
; A0[3]      ; S0[4]       ; 9.222  ;        ;        ; 9.496  ;
; A0[3]      ; S0[5]       ; 9.174  ; 9.137  ; 9.681  ; 9.467  ;
; A0[3]      ; S0[6]       ; 8.553  ; 8.683  ; 9.042  ; 9.076  ;
; A1[0]      ; S1[0]       ; 10.519 ; 10.405 ; 11.038 ; 11.027 ;
; A1[0]      ; S1[1]       ; 12.094 ; 12.127 ; 12.708 ; 12.667 ;
; A1[0]      ; S1[2]       ;        ; 10.499 ; 11.148 ;        ;
; A1[0]      ; S1[3]       ; 11.058 ; 11.029 ; 11.650 ; 11.605 ;
; A1[0]      ; S1[4]       ; 11.139 ;        ;        ; 11.626 ;
; A1[0]      ; S1[5]       ; 13.008 ;        ;        ; 13.390 ;
; A1[0]      ; S1[6]       ; 12.245 ;        ;        ; 12.989 ;
; A1[1]      ; S1[0]       ; 10.391 ; 10.306 ; 10.908 ; 10.864 ;
; A1[1]      ; S1[1]       ; 11.997 ; 12.026 ; 12.565 ; 12.536 ;
; A1[1]      ; S1[2]       ; 10.418 ;        ;        ; 10.888 ;
; A1[1]      ; S1[3]       ; 10.963 ; 10.934 ; 11.524 ; 11.478 ;
; A1[1]      ; S1[4]       ; 11.096 ; 10.945 ; 11.597 ; 11.503 ;
; A1[1]      ; S1[5]       ; 12.916 ;        ;        ; 13.266 ;
; A1[1]      ; S1[6]       ; 12.137 ; 12.308 ; 12.717 ; 12.838 ;
; A1[2]      ; S1[0]       ; 9.805  ; 9.726  ; 10.343 ; 10.256 ;
; A1[2]      ; S1[1]       ; 11.436 ;        ;        ; 11.965 ;
; A1[2]      ; S1[2]       ; 9.831  ; 9.749  ; 10.369 ; 10.279 ;
; A1[2]      ; S1[3]       ; 10.420 ; 10.353 ; 10.958 ; 10.883 ;
; A1[2]      ; S1[4]       ; 10.495 ;        ;        ; 10.896 ;
; A1[2]      ; S1[5]       ; 12.372 ; 12.140 ; 12.910 ; 12.670 ;
; A1[2]      ; S1[6]       ; 11.548 ; 11.711 ; 12.078 ; 12.249 ;
; A1[3]      ; S1[0]       ; 9.638  ; 9.558  ; 10.142 ; 10.097 ;
; A1[3]      ; S1[1]       ; 11.269 ;        ;        ; 11.805 ;
; A1[3]      ; S1[2]       ; 9.665  ;        ;        ; 10.121 ;
; A1[3]      ; S1[3]       ; 10.254 ; 10.186 ; 10.758 ; 10.725 ;
; A1[3]      ; S1[4]       ; 10.327 ;        ;        ; 10.735 ;
; A1[3]      ; S1[5]       ; 12.207 ; 11.974 ; 12.711 ; 12.514 ;
; A1[3]      ; S1[6]       ; 11.378 ; 11.544 ; 11.916 ; 12.044 ;
+------------+-------------+--------+--------+--------+--------+


----------------------------------------------
; Slow 1200mV 85C Model Metastability Report ;
----------------------------------------------
No synchronizer chains to report.


-------------------------------------
; Slow 1200mV 0C Model Fmax Summary ;
-------------------------------------
No paths to report.


--------------------------------------
; Slow 1200mV 0C Model Setup Summary ;
--------------------------------------
No paths to report.


-------------------------------------
; Slow 1200mV 0C Model Hold Summary ;
-------------------------------------
No paths to report.


-----------------------------------------
; Slow 1200mV 0C Model Recovery Summary ;
-----------------------------------------
No paths to report.


----------------------------------------
; Slow 1200mV 0C Model Removal Summary ;
----------------------------------------
No paths to report.


----------------------------------------------------
; Slow 1200mV 0C Model Minimum Pulse Width Summary ;
----------------------------------------------------
No paths to report.


+--------------------------------------------------------------+
; Propagation Delay                                            ;
+------------+-------------+--------+--------+--------+--------+
; Input Port ; Output Port ; RR     ; RF     ; FR     ; FF     ;
+------------+-------------+--------+--------+--------+--------+
; A0[0]      ; S0[0]       ; 9.432  ; 9.332  ; 9.746  ; 9.663  ;
; A0[0]      ; S0[1]       ; 10.160 ; 10.028 ; 10.448 ; 10.371 ;
; A0[0]      ; S0[2]       ;        ; 11.334 ; 11.726 ;        ;
; A0[0]      ; S0[3]       ; 10.616 ; 10.458 ; 10.930 ; 10.789 ;
; A0[0]      ; S0[4]       ; 9.982  ;        ;        ; 10.167 ;
; A0[0]      ; S0[5]       ; 9.932  ;        ;        ; 10.124 ;
; A0[0]      ; S0[6]       ; 9.285  ;        ;        ; 9.702  ;
; A0[1]      ; S0[0]       ; 9.065  ; 8.952  ; 9.400  ; 9.282  ;
; A0[1]      ; S0[1]       ; 9.805  ; 9.692  ; 10.139 ; 10.021 ;
; A0[1]      ; S0[2]       ; 11.083 ;        ;        ; 11.327 ;
; A0[1]      ; S0[3]       ; 10.248 ; 10.077 ; 10.583 ; 10.407 ;
; A0[1]      ; S0[4]       ; 9.614  ; 9.438  ; 9.949  ; 9.768  ;
; A0[1]      ; S0[5]       ; 9.564  ;        ;        ; 9.741  ;
; A0[1]      ; S0[6]       ; 8.948  ; 9.058  ; 9.278  ; 9.393  ;
; A0[2]      ; S0[0]       ; 9.503  ; 9.387  ; 9.817  ; 9.736  ;
; A0[2]      ; S0[1]       ; 10.246 ;        ;        ; 10.478 ;
; A0[2]      ; S0[2]       ; 11.525 ; 11.438 ; 11.836 ; 11.783 ;
; A0[2]      ; S0[3]       ; 10.688 ; 10.514 ; 11.000 ; 10.862 ;
; A0[2]      ; S0[4]       ; 10.057 ;        ;        ; 10.225 ;
; A0[2]      ; S0[5]       ; 10.007 ; 9.854  ; 10.319 ; 10.199 ;
; A0[2]      ; S0[6]       ; 9.388  ; 9.499  ; 9.733  ; 9.811  ;
; A0[3]      ; S0[0]       ; 8.033  ; 7.987  ; 8.376  ; 8.257  ;
; A0[3]      ; S0[1]       ; 8.803  ;        ;        ; 8.979  ;
; A0[3]      ; S0[2]       ; 10.083 ;        ;        ; 10.313 ;
; A0[3]      ; S0[3]       ; 9.219  ; 9.115  ; 9.563  ; 9.386  ;
; A0[3]      ; S0[4]       ; 8.577  ;        ;        ; 8.691  ;
; A0[3]      ; S0[5]       ; 8.566  ; 8.460  ; 8.889  ; 8.731  ;
; A0[3]      ; S0[6]       ; 7.984  ; 8.066  ; 8.279  ; 8.362  ;
; A1[0]      ; S1[0]       ; 9.853  ; 9.740  ; 10.127 ; 10.114 ;
; A1[0]      ; S1[1]       ; 11.260 ; 11.225 ; 11.620 ; 11.523 ;
; A1[0]      ; S1[2]       ;        ; 9.826  ; 10.229 ;        ;
; A1[0]      ; S1[3]       ; 10.449 ; 10.318 ; 10.723 ; 10.692 ;
; A1[0]      ; S1[4]       ; 10.536 ;        ;        ; 10.730 ;
; A1[0]      ; S1[5]       ; 12.372 ;        ;        ; 12.357 ;
; A1[0]      ; S1[6]       ; 11.442 ;        ;        ; 12.036 ;
; A1[1]      ; S1[0]       ; 9.736  ; 9.700  ; 10.076 ; 9.988  ;
; A1[1]      ; S1[1]       ; 11.196 ; 11.116 ; 11.487 ; 11.464 ;
; A1[1]      ; S1[2]       ; 9.777  ;        ;        ; 10.014 ;
; A1[1]      ; S1[3]       ; 10.336 ; 10.282 ; 10.676 ; 10.570 ;
; A1[1]      ; S1[4]       ; 10.414 ; 10.228 ; 10.681 ; 10.552 ;
; A1[1]      ; S1[5]       ; 12.275 ;        ;        ; 12.241 ;
; A1[1]      ; S1[6]       ; 11.382 ; 11.617 ; 11.694 ; 11.930 ;
; A1[2]      ; S1[0]       ; 9.150  ; 9.068  ; 9.481  ; 9.394  ;
; A1[2]      ; S1[1]       ; 10.610 ;        ;        ; 10.871 ;
; A1[2]      ; S1[2]       ; 9.176  ; 9.090  ; 9.507  ; 9.416  ;
; A1[2]      ; S1[3]       ; 9.749  ; 9.649  ; 10.080 ; 9.975  ;
; A1[2]      ; S1[4]       ; 9.829  ;        ;        ; 9.988  ;
; A1[2]      ; S1[5]       ; 11.674 ; 11.316 ; 12.005 ; 11.642 ;
; A1[2]      ; S1[6]       ; 10.757 ; 11.020 ; 11.083 ; 11.351 ;
; A1[3]      ; S1[0]       ; 8.984  ; 8.899  ; 9.303  ; 9.254  ;
; A1[3]      ; S1[1]       ; 10.443 ;        ;        ; 10.730 ;
; A1[3]      ; S1[2]       ; 9.011  ;        ;        ; 9.278  ;
; A1[3]      ; S1[3]       ; 9.583  ; 9.480  ; 9.903  ; 9.836  ;
; A1[3]      ; S1[4]       ; 9.662  ;        ;        ; 9.846  ;
; A1[3]      ; S1[5]       ; 11.508 ; 11.149 ; 11.829 ; 11.504 ;
; A1[3]      ; S1[6]       ; 10.587 ; 10.851 ; 10.939 ; 11.170 ;
+------------+-------------+--------+--------+--------+--------+


+--------------------------------------------------------------+
; Minimum Propagation Delay                                    ;
+------------+-------------+--------+--------+--------+--------+
; Input Port ; Output Port ; RR     ; RF     ; FR     ; FF     ;
+------------+-------------+--------+--------+--------+--------+
; A0[0]      ; S0[0]       ; 9.094  ; 8.996  ; 9.406  ; 9.323  ;
; A0[0]      ; S0[1]       ; 9.793  ; 9.666  ; 10.079 ; 10.005 ;
; A0[0]      ; S0[2]       ;        ; 10.969 ; 11.352 ;        ;
; A0[0]      ; S0[3]       ; 10.183 ; 10.078 ; 10.542 ; 10.334 ;
; A0[0]      ; S0[4]       ; 9.570  ;        ;        ; 9.720  ;
; A0[0]      ; S0[5]       ; 9.526  ;        ;        ; 9.696  ;
; A0[0]      ; S0[6]       ; 8.952  ;        ;        ; 9.361  ;
; A0[1]      ; S0[0]       ; 8.743  ; 8.632  ; 9.073  ; 8.957  ;
; A0[1]      ; S0[1]       ; 9.454  ; 9.344  ; 9.783  ; 9.668  ;
; A0[1]      ; S0[2]       ; 10.728 ;        ;        ; 10.971 ;
; A0[1]      ; S0[3]       ; 9.879  ; 9.713  ; 10.209 ; 10.038 ;
; A0[1]      ; S0[4]       ; 9.269  ; 9.099  ; 9.599  ; 9.424  ;
; A0[1]      ; S0[5]       ; 9.222  ;        ;        ; 9.399  ;
; A0[1]      ; S0[6]       ; 8.629  ; 8.736  ; 8.954  ; 9.066  ;
; A0[2]      ; S0[0]       ; 9.161  ; 9.049  ; 9.472  ; 9.392  ;
; A0[2]      ; S0[1]       ; 9.873  ;        ;        ; 10.105 ;
; A0[2]      ; S0[2]       ; 11.150 ; 11.069 ; 11.458 ; 11.408 ;
; A0[2]      ; S0[3]       ; 10.297 ; 10.132 ; 10.608 ; 10.473 ;
; A0[2]      ; S0[4]       ; 9.692  ;        ;        ; 9.862  ;
; A0[2]      ; S0[5]       ; 9.645  ; 9.497  ; 9.953  ; 9.838  ;
; A0[2]      ; S0[6]       ; 9.049  ; 9.157  ; 9.390  ; 9.465  ;
; A0[3]      ; S0[0]       ; 7.717  ; 7.711  ; 8.090  ; 7.906  ;
; A0[3]      ; S0[1]       ; 8.437  ;        ;        ; 8.633  ;
; A0[3]      ; S0[2]       ; 9.713  ;        ;        ; 9.931  ;
; A0[3]      ; S0[3]       ; 8.856  ; 8.795  ; 9.229  ; 8.990  ;
; A0[3]      ; S0[4]       ; 8.277  ;        ;        ; 8.386  ;
; A0[3]      ; S0[5]       ; 8.231  ; 8.167  ; 8.582  ; 8.362  ;
; A0[3]      ; S0[6]       ; 7.645  ; 7.766  ; 7.979  ; 8.019  ;
; A1[0]      ; S1[0]       ; 9.499  ; 9.390  ; 9.771  ; 9.758  ;
; A1[0]      ; S1[1]       ; 10.900 ; 10.868 ; 11.255 ; 11.163 ;
; A1[0]      ; S1[2]       ;        ; 9.474  ; 9.871  ;        ;
; A1[0]      ; S1[3]       ; 10.004 ; 9.945  ; 10.344 ; 10.269 ;
; A1[0]      ; S1[4]       ; 10.087 ;        ;        ; 10.289 ;
; A1[0]      ; S1[5]       ; 11.850 ;        ;        ; 11.867 ;
; A1[0]      ; S1[6]       ; 11.025 ;        ;        ; 11.605 ;
; A1[1]      ; S1[0]       ; 9.367  ; 9.289  ; 9.652  ; 9.610  ;
; A1[1]      ; S1[1]       ; 10.798 ; 10.761 ; 11.126 ; 11.043 ;
; A1[1]      ; S1[2]       ; 9.394  ;        ;        ; 9.633  ;
; A1[1]      ; S1[3]       ; 9.904  ; 9.848  ; 10.228 ; 10.153 ;
; A1[1]      ; S1[4]       ; 10.037 ; 9.859  ; 10.302 ; 10.179 ;
; A1[1]      ; S1[5]       ; 11.752 ;        ;        ; 11.754 ;
; A1[1]      ; S1[6]       ; 10.912 ; 11.170 ; 11.258 ; 11.469 ;
; A1[2]      ; S1[0]       ; 8.824  ; 8.744  ; 9.151  ; 9.066  ;
; A1[2]      ; S1[1]       ; 10.275 ;        ;        ; 10.535 ;
; A1[2]      ; S1[2]       ; 8.850  ; 8.766  ; 9.177  ; 9.088  ;
; A1[2]      ; S1[3]       ; 9.400  ; 9.302  ; 9.726  ; 9.623  ;
; A1[2]      ; S1[4]       ; 9.477  ;        ;        ; 9.637  ;
; A1[2]      ; S1[5]       ; 11.247 ; 10.902 ; 11.574 ; 11.224 ;
; A1[2]      ; S1[6]       ; 10.366 ; 10.620 ; 10.688 ; 10.947 ;
; A1[3]      ; S1[0]       ; 8.662  ; 8.583  ; 8.980  ; 8.931  ;
; A1[3]      ; S1[1]       ; 10.112 ;        ;        ; 10.399 ;
; A1[3]      ; S1[2]       ; 8.689  ;        ;        ; 8.954  ;
; A1[3]      ; S1[3]       ; 9.238  ; 9.141  ; 9.557  ; 9.490  ;
; A1[3]      ; S1[4]       ; 9.312  ;        ;        ; 9.500  ;
; A1[3]      ; S1[5]       ; 11.086 ; 10.742 ; 11.405 ; 11.092 ;
; A1[3]      ; S1[6]       ; 10.202 ; 10.457 ; 10.550 ; 10.772 ;
+------------+-------------+--------+--------+--------+--------+


---------------------------------------------
; Slow 1200mV 0C Model Metastability Report ;
---------------------------------------------
No synchronizer chains to report.


--------------------------------------
; Fast 1200mV 0C Model Setup Summary ;
--------------------------------------
No paths to report.


-------------------------------------
; Fast 1200mV 0C Model Hold Summary ;
-------------------------------------
No paths to report.


-----------------------------------------
; Fast 1200mV 0C Model Recovery Summary ;
-----------------------------------------
No paths to report.


----------------------------------------
; Fast 1200mV 0C Model Removal Summary ;
----------------------------------------
No paths to report.


----------------------------------------------------
; Fast 1200mV 0C Model Minimum Pulse Width Summary ;
----------------------------------------------------
No paths to report.


+----------------------------------------------------------+
; Propagation Delay                                        ;
+------------+-------------+-------+-------+-------+-------+
; Input Port ; Output Port ; RR    ; RF    ; FR    ; FF    ;
+------------+-------------+-------+-------+-------+-------+
; A0[0]      ; S0[0]       ; 5.475 ; 5.488 ; 6.271 ; 6.293 ;
; A0[0]      ; S0[1]       ; 5.893 ; 5.958 ; 6.674 ; 6.768 ;
; A0[0]      ; S0[2]       ;       ; 6.967 ; 7.620 ;       ;
; A0[0]      ; S0[3]       ; 6.114 ; 6.214 ; 6.909 ; 7.018 ;
; A0[0]      ; S0[4]       ; 5.758 ;       ;       ; 6.618 ;
; A0[0]      ; S0[5]       ; 5.758 ;       ;       ; 6.597 ;
; A0[0]      ; S0[6]       ; 5.470 ;       ;       ; 6.251 ;
; A0[1]      ; S0[0]       ; 5.270 ; 5.289 ; 6.061 ; 6.073 ;
; A0[1]      ; S0[1]       ; 5.695 ; 5.779 ; 6.486 ; 6.563 ;
; A0[1]      ; S0[2]       ; 6.642 ;       ;       ; 7.571 ;
; A0[1]      ; S0[3]       ; 5.908 ; 6.014 ; 6.699 ; 6.798 ;
; A0[1]      ; S0[4]       ; 5.552 ; 5.599 ; 6.342 ; 6.382 ;
; A0[1]      ; S0[5]       ; 5.552 ;       ;       ; 6.376 ;
; A0[1]      ; S0[6]       ; 5.291 ; 5.272 ; 6.075 ; 6.063 ;
; A0[2]      ; S0[0]       ; 5.496 ; 5.511 ; 6.295 ; 6.329 ;
; A0[2]      ; S0[1]       ; 5.925 ;       ;       ; 6.823 ;
; A0[2]      ; S0[2]       ; 6.872 ; 7.015 ; 7.670 ; 7.832 ;
; A0[2]      ; S0[3]       ; 6.135 ; 6.237 ; 6.935 ; 7.056 ;
; A0[2]      ; S0[4]       ; 5.782 ;       ;       ; 6.643 ;
; A0[2]      ; S0[5]       ; 5.782 ; 5.820 ; 6.581 ; 6.637 ;
; A0[2]      ; S0[6]       ; 5.516 ; 5.500 ; 6.333 ; 6.299 ;
; A0[3]      ; S0[0]       ; 4.697 ; 4.744 ; 5.403 ; 5.404 ;
; A0[3]      ; S0[1]       ; 5.140 ;       ;       ; 5.891 ;
; A0[3]      ; S0[2]       ; 6.087 ;       ;       ; 6.915 ;
; A0[3]      ; S0[3]       ; 5.339 ; 5.473 ; 6.045 ; 6.133 ;
; A0[3]      ; S0[4]       ; 4.978 ;       ;       ; 5.694 ;
; A0[3]      ; S0[5]       ; 5.000 ; 5.062 ; 5.699 ; 5.722 ;
; A0[3]      ; S0[6]       ; 4.749 ; 4.720 ; 5.424 ; 5.404 ;
; A1[0]      ; S1[0]       ; 5.727 ; 5.738 ; 6.528 ; 6.592 ;
; A1[0]      ; S1[1]       ; 6.771 ; 6.890 ; 7.626 ; 7.700 ;
; A1[0]      ; S1[2]       ;       ; 5.803 ; 6.603 ;       ;
; A1[0]      ; S1[3]       ; 6.050 ; 6.113 ; 6.851 ; 6.967 ;
; A1[0]      ; S1[4]       ; 6.080 ;       ;       ; 6.993 ;
; A1[0]      ; S1[5]       ; 7.012 ;       ;       ; 8.016 ;
; A1[0]      ; S1[6]       ; 6.814 ;       ;       ; 7.503 ;
; A1[1]      ; S1[0]       ; 5.657 ; 5.716 ; 6.482 ; 6.502 ;
; A1[1]      ; S1[1]       ; 6.729 ; 6.824 ; 7.527 ; 7.642 ;
; A1[1]      ; S1[2]       ; 5.693 ;       ;       ; 6.530 ;
; A1[1]      ; S1[3]       ; 5.983 ; 6.094 ; 6.808 ; 6.880 ;
; A1[1]      ; S1[4]       ; 6.004 ; 6.053 ; 6.786 ; 6.867 ;
; A1[1]      ; S1[5]       ; 6.955 ;       ;       ; 7.933 ;
; A1[1]      ; S1[6]       ; 6.769 ; 6.606 ; 7.570 ; 7.416 ;
; A1[2]      ; S1[0]       ; 5.336 ; 5.374 ; 6.122 ; 6.153 ;
; A1[2]      ; S1[1]       ; 6.408 ;       ;       ; 7.294 ;
; A1[2]      ; S1[2]       ; 5.363 ; 5.400 ; 6.150 ; 6.180 ;
; A1[2]      ; S1[3]       ; 5.661 ; 5.751 ; 6.448 ; 6.531 ;
; A1[2]      ; S1[4]       ; 5.685 ;       ;       ; 6.534 ;
; A1[2]      ; S1[5]       ; 6.624 ; 6.802 ; 7.411 ; 7.582 ;
; A1[2]      ; S1[6]       ; 6.433 ; 6.280 ; 7.213 ; 7.067 ;
; A1[3]      ; S1[0]       ; 5.248 ; 5.282 ; 5.999 ; 6.052 ;
; A1[3]      ; S1[1]       ; 6.320 ;       ;       ; 7.192 ;
; A1[3]      ; S1[2]       ; 5.277 ;       ;       ; 6.080 ;
; A1[3]      ; S1[3]       ; 5.574 ; 5.660 ; 6.326 ; 6.431 ;
; A1[3]      ; S1[4]       ; 5.595 ;       ;       ; 6.431 ;
; A1[3]      ; S1[5]       ; 6.539 ; 6.713 ; 7.290 ; 7.483 ;
; A1[3]      ; S1[6]       ; 6.340 ; 6.190 ; 7.108 ; 6.940 ;
+------------+-------------+-------+-------+-------+-------+


+----------------------------------------------------------+
; Minimum Propagation Delay                                ;
+------------+-------------+-------+-------+-------+-------+
; Input Port ; Output Port ; RR    ; RF    ; FR    ; FF    ;
+------------+-------------+-------+-------+-------+-------+
; A0[0]      ; S0[0]       ; 5.282 ; 5.294 ; 6.064 ; 6.085 ;
; A0[0]      ; S0[1]       ; 5.684 ; 5.747 ; 6.452 ; 6.543 ;
; A0[0]      ; S0[2]       ;       ; 6.754 ; 7.396 ;       ;
; A0[0]      ; S0[3]       ; 5.868 ; 5.993 ; 6.678 ; 6.749 ;
; A0[0]      ; S0[4]       ; 5.524 ;       ;       ; 6.349 ;
; A0[0]      ; S0[5]       ; 5.526 ;       ;       ; 6.343 ;
; A0[0]      ; S0[6]       ; 5.277 ;       ;       ; 6.045 ;
; A0[1]      ; S0[0]       ; 5.084 ; 5.103 ; 5.863 ; 5.875 ;
; A0[1]      ; S0[1]       ; 5.494 ; 5.576 ; 6.272 ; 6.347 ;
; A0[1]      ; S0[2]       ; 6.439 ;       ;       ; 7.353 ;
; A0[1]      ; S0[3]       ; 5.698 ; 5.802 ; 6.476 ; 6.573 ;
; A0[1]      ; S0[4]       ; 5.355 ; 5.402 ; 6.132 ; 6.172 ;
; A0[1]      ; S0[5]       ; 5.355 ;       ;       ; 6.166 ;
; A0[1]      ; S0[6]       ; 5.106 ; 5.087 ; 5.877 ; 5.865 ;
; A0[2]      ; S0[0]       ; 5.300 ; 5.314 ; 6.086 ; 6.119 ;
; A0[2]      ; S0[1]       ; 5.713 ;       ;       ; 6.595 ;
; A0[2]      ; S0[2]       ; 6.658 ; 6.798 ; 7.443 ; 7.602 ;
; A0[2]      ; S0[3]       ; 5.915 ; 6.014 ; 6.701 ; 6.819 ;
; A0[2]      ; S0[4]       ; 5.575 ;       ;       ; 6.422 ;
; A0[2]      ; S0[5]       ; 5.576 ; 5.611 ; 6.360 ; 6.415 ;
; A0[2]      ; S0[6]       ; 5.319 ; 5.305 ; 6.123 ; 6.089 ;
; A0[3]      ; S0[0]       ; 4.516 ; 4.582 ; 5.234 ; 5.201 ;
; A0[3]      ; S0[1]       ; 4.935 ;       ;       ; 5.685 ;
; A0[3]      ; S0[2]       ; 5.881 ;       ;       ; 6.691 ;
; A0[3]      ; S0[3]       ; 5.133 ; 5.284 ; 5.850 ; 5.902 ;
; A0[3]      ; S0[4]       ; 4.806 ;       ;       ; 5.512 ;
; A0[3]      ; S0[5]       ; 4.808 ; 4.887 ; 5.518 ; 5.506 ;
; A0[3]      ; S0[6]       ; 4.549 ; 4.553 ; 5.244 ; 5.201 ;
; A1[0]      ; S1[0]       ; 5.525 ; 5.536 ; 6.311 ; 6.374 ;
; A1[0]      ; S1[1]       ; 6.566 ; 6.681 ; 7.406 ; 7.478 ;
; A1[0]      ; S1[2]       ;       ; 5.598 ; 6.384 ;       ;
; A1[0]      ; S1[3]       ; 5.801 ; 5.897 ; 6.622 ; 6.719 ;
; A1[0]      ; S1[4]       ; 5.830 ;       ;       ; 6.729 ;
; A1[0]      ; S1[5]       ; 6.723 ;       ;       ; 7.725 ;
; A1[0]      ; S1[6]       ; 6.569 ;       ;       ; 7.250 ;
; A1[1]      ; S1[0]       ; 5.449 ; 5.473 ; 6.225 ; 6.273 ;
; A1[1]      ; S1[1]       ; 6.503 ; 6.617 ; 7.310 ; 7.389 ;
; A1[1]      ; S1[2]       ; 5.478 ;       ;       ; 6.301 ;
; A1[1]      ; S1[3]       ; 5.741 ; 5.837 ; 6.539 ; 6.631 ;
; A1[1]      ; S1[4]       ; 5.791 ; 5.838 ; 6.559 ; 6.637 ;
; A1[1]      ; S1[5]       ; 6.667 ;       ;       ; 7.641 ;
; A1[1]      ; S1[6]       ; 6.498 ; 6.362 ; 7.303 ; 7.147 ;
; A1[2]      ; S1[0]       ; 5.147 ; 5.185 ; 5.921 ; 5.952 ;
; A1[2]      ; S1[1]       ; 6.217 ;       ;       ; 7.088 ;
; A1[2]      ; S1[2]       ; 5.174 ; 5.211 ; 5.949 ; 5.979 ;
; A1[2]      ; S1[3]       ; 5.460 ; 5.548 ; 6.235 ; 6.316 ;
; A1[2]      ; S1[4]       ; 5.483 ;       ;       ; 6.318 ;
; A1[2]      ; S1[5]       ; 6.385 ; 6.557 ; 7.159 ; 7.324 ;
; A1[2]      ; S1[6]       ; 6.204 ; 6.056 ; 6.971 ; 6.830 ;
; A1[3]      ; S1[0]       ; 5.063 ; 5.096 ; 5.803 ; 5.855 ;
; A1[3]      ; S1[1]       ; 6.132 ;       ;       ; 6.990 ;
; A1[3]      ; S1[2]       ; 5.092 ;       ;       ; 5.883 ;
; A1[3]      ; S1[3]       ; 5.377 ; 5.460 ; 6.117 ; 6.219 ;
; A1[3]      ; S1[4]       ; 5.398 ;       ;       ; 6.219 ;
; A1[3]      ; S1[5]       ; 6.303 ; 6.470 ; 7.043 ; 7.229 ;
; A1[3]      ; S1[6]       ; 6.112 ; 5.969 ; 6.870 ; 6.707 ;
+------------+-------------+-------+-------+-------+-------+


---------------------------------------------
; Fast 1200mV 0C Model Metastability Report ;
---------------------------------------------
No synchronizer chains to report.


+----------------------------------------------------------------------------+
; Multicorner Timing Analysis Summary                                        ;
+------------------+-------+------+----------+---------+---------------------+
; Clock            ; Setup ; Hold ; Recovery ; Removal ; Minimum Pulse Width ;
+------------------+-------+------+----------+---------+---------------------+
; Worst-case Slack ; N/A   ; N/A  ; N/A      ; N/A     ; N/A                 ;
; Design-wide TNS  ; 0.0   ; 0.0  ; 0.0      ; 0.0     ; 0.0                 ;
+------------------+-------+------+----------+---------+---------------------+


+--------------------------------------------------------------+
; Propagation Delay                                            ;
+------------+-------------+--------+--------+--------+--------+
; Input Port ; Output Port ; RR     ; RF     ; FR     ; FF     ;
+------------+-------------+--------+--------+--------+--------+
; A0[0]      ; S0[0]       ; 10.455 ; 10.356 ; 10.997 ; 10.919 ;
; A0[0]      ; S0[1]       ; 11.234 ; 11.134 ; 11.750 ; 11.709 ;
; A0[0]      ; S0[2]       ;        ; 12.668 ; 13.202 ;        ;
; A0[0]      ; S0[3]       ; 11.719 ; 11.615 ; 12.261 ; 12.178 ;
; A0[0]      ; S0[4]       ; 11.044 ;        ;        ; 11.482 ;
; A0[0]      ; S0[5]       ; 10.992 ;        ;        ; 11.429 ;
; A0[0]      ; S0[6]       ; 10.304 ;        ;        ; 10.951 ;
; A0[1]      ; S0[0]       ; 10.053 ; 9.947  ; 10.607 ; 10.492 ;
; A0[1]      ; S0[1]       ; 10.848 ; 10.773 ; 11.401 ; 11.317 ;
; A0[1]      ; S0[2]       ; 12.300 ;        ;        ; 12.848 ;
; A0[1]      ; S0[3]       ; 11.317 ; 11.206 ; 11.870 ; 11.750 ;
; A0[1]      ; S0[4]       ; 10.642 ; 10.489 ; 11.195 ; 11.033 ;
; A0[1]      ; S0[5]       ; 10.590 ;        ;        ; 11.000 ;
; A0[1]      ; S0[6]       ; 9.943  ; 10.049 ; 10.487 ; 10.602 ;
; A0[2]      ; S0[0]       ; 10.520 ; 10.410 ; 11.071 ; 11.000 ;
; A0[2]      ; S0[1]       ; 11.318 ;        ;        ; 11.830 ;
; A0[2]      ; S0[2]       ; 12.770 ; 12.773 ; 13.320 ; 13.360 ;
; A0[2]      ; S0[3]       ; 11.785 ; 11.670 ; 12.336 ; 12.261 ;
; A0[2]      ; S0[4]       ; 11.113 ;        ;        ; 11.546 ;
; A0[2]      ; S0[5]       ; 11.061 ; 10.927 ; 11.611 ; 11.513 ;
; A0[2]      ; S0[6]       ; 10.410 ; 10.517 ; 10.997 ; 11.068 ;
; A0[3]      ; S0[0]       ; 8.969  ; 8.933  ; 9.468  ; 9.349  ;
; A0[3]      ; S0[1]       ; 9.790  ;        ;        ; 10.153 ;
; A0[3]      ; S0[2]       ; 11.242 ;        ;        ; 11.717 ;
; A0[3]      ; S0[3]       ; 10.235 ; 10.194 ; 10.735 ; 10.611 ;
; A0[3]      ; S0[4]       ; 9.544  ;        ;        ; 9.835  ;
; A0[3]      ; S0[5]       ; 9.535  ; 9.455  ; 10.019 ; 9.873  ;
; A0[3]      ; S0[6]       ; 8.925  ; 9.004  ; 9.375  ; 9.453  ;
; A1[0]      ; S1[0]       ; 10.901 ; 10.783 ; 11.431 ; 11.421 ;
; A1[0]      ; S1[1]       ; 12.484 ; 12.516 ; 13.112 ; 13.067 ;
; A1[0]      ; S1[2]       ;        ; 10.881 ; 11.542 ;        ;
; A1[0]      ; S1[3]       ; 11.539 ; 11.433 ; 12.067 ; 12.069 ;
; A1[0]      ; S1[4]       ; 11.622 ;        ;        ; 12.112 ;
; A1[0]      ; S1[5]       ; 13.571 ;        ;        ; 13.930 ;
; A1[0]      ; S1[6]       ; 12.699 ;        ;        ; 13.460 ;
; A1[1]      ; S1[0]       ; 10.786 ; 10.759 ; 11.376 ; 11.283 ;
; A1[1]      ; S1[1]       ; 12.426 ; 12.410 ; 12.964 ; 13.000 ;
; A1[1]      ; S1[2]       ; 10.829 ;        ;        ; 11.310 ;
; A1[1]      ; S1[3]       ; 11.426 ; 11.411 ; 12.016 ; 11.935 ;
; A1[1]      ; S1[4]       ; 11.501 ; 11.346 ; 12.011 ; 11.915 ;
; A1[1]      ; S1[5]       ; 13.479 ;        ;        ; 13.803 ;
; A1[1]      ; S1[6]       ; 12.644 ; 12.784 ; 13.201 ; 13.340 ;
; A1[2]      ; S1[0]       ; 10.159 ; 10.079 ; 10.707 ; 10.618 ;
; A1[2]      ; S1[1]       ; 11.799 ;        ;        ; 12.336 ;
; A1[2]      ; S1[2]       ; 10.183 ; 10.100 ; 10.732 ; 10.640 ;
; A1[2]      ; S1[3]       ; 10.798 ; 10.730 ; 11.347 ; 11.270 ;
; A1[2]      ; S1[4]       ; 10.876 ;        ;        ; 11.284 ;
; A1[2]      ; S1[5]       ; 12.832 ; 12.592 ; 13.381 ; 13.132 ;
; A1[2]      ; S1[6]       ; 11.975 ; 12.142 ; 12.515 ; 12.691 ;
; A1[3]      ; S1[0]       ; 9.986  ; 9.902  ; 10.497 ; 10.453 ;
; A1[3]      ; S1[1]       ; 11.627 ;        ;        ; 12.171 ;
; A1[3]      ; S1[2]       ; 10.013 ;        ;        ; 10.477 ;
; A1[3]      ; S1[3]       ; 10.627 ; 10.555 ; 11.138 ; 11.106 ;
; A1[3]      ; S1[4]       ; 10.702 ;        ;        ; 11.117 ;
; A1[3]      ; S1[5]       ; 12.660 ; 12.418 ; 13.174 ; 12.970 ;
; A1[3]      ; S1[6]       ; 11.800 ; 11.968 ; 12.346 ; 12.478 ;
+------------+-------------+--------+--------+--------+--------+


+----------------------------------------------------------+
; Minimum Propagation Delay                                ;
+------------+-------------+-------+-------+-------+-------+
; Input Port ; Output Port ; RR    ; RF    ; FR    ; FF    ;
+------------+-------------+-------+-------+-------+-------+
; A0[0]      ; S0[0]       ; 5.282 ; 5.294 ; 6.064 ; 6.085 ;
; A0[0]      ; S0[1]       ; 5.684 ; 5.747 ; 6.452 ; 6.543 ;
; A0[0]      ; S0[2]       ;       ; 6.754 ; 7.396 ;       ;
; A0[0]      ; S0[3]       ; 5.868 ; 5.993 ; 6.678 ; 6.749 ;
; A0[0]      ; S0[4]       ; 5.524 ;       ;       ; 6.349 ;
; A0[0]      ; S0[5]       ; 5.526 ;       ;       ; 6.343 ;
; A0[0]      ; S0[6]       ; 5.277 ;       ;       ; 6.045 ;
; A0[1]      ; S0[0]       ; 5.084 ; 5.103 ; 5.863 ; 5.875 ;
; A0[1]      ; S0[1]       ; 5.494 ; 5.576 ; 6.272 ; 6.347 ;
; A0[1]      ; S0[2]       ; 6.439 ;       ;       ; 7.353 ;
; A0[1]      ; S0[3]       ; 5.698 ; 5.802 ; 6.476 ; 6.573 ;
; A0[1]      ; S0[4]       ; 5.355 ; 5.402 ; 6.132 ; 6.172 ;
; A0[1]      ; S0[5]       ; 5.355 ;       ;       ; 6.166 ;
; A0[1]      ; S0[6]       ; 5.106 ; 5.087 ; 5.877 ; 5.865 ;
; A0[2]      ; S0[0]       ; 5.300 ; 5.314 ; 6.086 ; 6.119 ;
; A0[2]      ; S0[1]       ; 5.713 ;       ;       ; 6.595 ;
; A0[2]      ; S0[2]       ; 6.658 ; 6.798 ; 7.443 ; 7.602 ;
; A0[2]      ; S0[3]       ; 5.915 ; 6.014 ; 6.701 ; 6.819 ;
; A0[2]      ; S0[4]       ; 5.575 ;       ;       ; 6.422 ;
; A0[2]      ; S0[5]       ; 5.576 ; 5.611 ; 6.360 ; 6.415 ;
; A0[2]      ; S0[6]       ; 5.319 ; 5.305 ; 6.123 ; 6.089 ;
; A0[3]      ; S0[0]       ; 4.516 ; 4.582 ; 5.234 ; 5.201 ;
; A0[3]      ; S0[1]       ; 4.935 ;       ;       ; 5.685 ;
; A0[3]      ; S0[2]       ; 5.881 ;       ;       ; 6.691 ;
; A0[3]      ; S0[3]       ; 5.133 ; 5.284 ; 5.850 ; 5.902 ;
; A0[3]      ; S0[4]       ; 4.806 ;       ;       ; 5.512 ;
; A0[3]      ; S0[5]       ; 4.808 ; 4.887 ; 5.518 ; 5.506 ;
; A0[3]      ; S0[6]       ; 4.549 ; 4.553 ; 5.244 ; 5.201 ;
; A1[0]      ; S1[0]       ; 5.525 ; 5.536 ; 6.311 ; 6.374 ;
; A1[0]      ; S1[1]       ; 6.566 ; 6.681 ; 7.406 ; 7.478 ;
; A1[0]      ; S1[2]       ;       ; 5.598 ; 6.384 ;       ;
; A1[0]      ; S1[3]       ; 5.801 ; 5.897 ; 6.622 ; 6.719 ;
; A1[0]      ; S1[4]       ; 5.830 ;       ;       ; 6.729 ;
; A1[0]      ; S1[5]       ; 6.723 ;       ;       ; 7.725 ;
; A1[0]      ; S1[6]       ; 6.569 ;       ;       ; 7.250 ;
; A1[1]      ; S1[0]       ; 5.449 ; 5.473 ; 6.225 ; 6.273 ;
; A1[1]      ; S1[1]       ; 6.503 ; 6.617 ; 7.310 ; 7.389 ;
; A1[1]      ; S1[2]       ; 5.478 ;       ;       ; 6.301 ;
; A1[1]      ; S1[3]       ; 5.741 ; 5.837 ; 6.539 ; 6.631 ;
; A1[1]      ; S1[4]       ; 5.791 ; 5.838 ; 6.559 ; 6.637 ;
; A1[1]      ; S1[5]       ; 6.667 ;       ;       ; 7.641 ;
; A1[1]      ; S1[6]       ; 6.498 ; 6.362 ; 7.303 ; 7.147 ;
; A1[2]      ; S1[0]       ; 5.147 ; 5.185 ; 5.921 ; 5.952 ;
; A1[2]      ; S1[1]       ; 6.217 ;       ;       ; 7.088 ;
; A1[2]      ; S1[2]       ; 5.174 ; 5.211 ; 5.949 ; 5.979 ;
; A1[2]      ; S1[3]       ; 5.460 ; 5.548 ; 6.235 ; 6.316 ;
; A1[2]      ; S1[4]       ; 5.483 ;       ;       ; 6.318 ;
; A1[2]      ; S1[5]       ; 6.385 ; 6.557 ; 7.159 ; 7.324 ;
; A1[2]      ; S1[6]       ; 6.204 ; 6.056 ; 6.971 ; 6.830 ;
; A1[3]      ; S1[0]       ; 5.063 ; 5.096 ; 5.803 ; 5.855 ;
; A1[3]      ; S1[1]       ; 6.132 ;       ;       ; 6.990 ;
; A1[3]      ; S1[2]       ; 5.092 ;       ;       ; 5.883 ;
; A1[3]      ; S1[3]       ; 5.377 ; 5.460 ; 6.117 ; 6.219 ;
; A1[3]      ; S1[4]       ; 5.398 ;       ;       ; 6.219 ;
; A1[3]      ; S1[5]       ; 6.303 ; 6.470 ; 7.043 ; 7.229 ;
; A1[3]      ; S1[6]       ; 6.112 ; 5.969 ; 6.870 ; 6.707 ;
+------------+-------------+-------+-------+-------+-------+


+------------------------------------------------------------------------------------------------------------------------------------------------------------------------------------------------------------------------------------------------------------------------------------------------------------------------------------------------------------------------------------------------------------------+
; Board Trace Model Assignments                                                                                                                                                                                                                                                                                                                                                                                    ;
+---------------+--------------+-------------------+-------------------------+-------------------------+---------------+---------------------+----------------+------------------+--------+------------------+------------------------+------------------------+--------------+---------------+-----------------+-------+---------------------+--------------------+---------------+-----------------+-------------+
; Pin           ; I/O Standard ; Near Tline Length ; Near Tline L per Length ; Near Tline C per Length ; Near Series R ; Near Differential R ; Near Pull-up R ; Near Pull-down R ; Near C ; Far Tline Length ; Far Tline L per Length ; Far Tline C per Length ; Far Series R ; Far Pull-up R ; Far Pull-down R ; Far C ; Termination Voltage ; Far Differential R ; EBD File Name ; EBD Signal Name ; EBD Far-end ;
+---------------+--------------+-------------------+-------------------------+-------------------------+---------------+---------------------+----------------+------------------+--------+------------------+------------------------+------------------------+--------------+---------------+-----------------+-------+---------------------+--------------------+---------------+-----------------+-------------+
; S0[0]         ; 2.5 V        ; 0 in              ; 0 H/in                  ; 0 F/in                  ; short         ; -                   ; open           ; open             ; open   ; 0 in             ; 0 H/in                 ; 0 F/in                 ; short        ; open          ; open            ; open  ; 0 V                 ; -                  ; n/a           ; n/a             ; n/a         ;
; S0[1]         ; 2.5 V        ; 0 in              ; 0 H/in                  ; 0 F/in                  ; short         ; -                   ; open           ; open             ; open   ; 0 in             ; 0 H/in                 ; 0 F/in                 ; short        ; open          ; open            ; open  ; 0 V                 ; -                  ; n/a           ; n/a             ; n/a         ;
; S0[2]         ; 2.5 V        ; 0 in              ; 0 H/in                  ; 0 F/in                  ; short         ; -                   ; open           ; open             ; open   ; 0 in             ; 0 H/in                 ; 0 F/in                 ; short        ; open          ; open            ; open  ; 0 V                 ; -                  ; n/a           ; n/a             ; n/a         ;
; S0[3]         ; 2.5 V        ; 0 in              ; 0 H/in                  ; 0 F/in                  ; short         ; -                   ; open           ; open             ; open   ; 0 in             ; 0 H/in                 ; 0 F/in                 ; short        ; open          ; open            ; open  ; 0 V                 ; -                  ; n/a           ; n/a             ; n/a         ;
; S0[4]         ; 2.5 V        ; 0 in              ; 0 H/in                  ; 0 F/in                  ; short         ; -                   ; open           ; open             ; open   ; 0 in             ; 0 H/in                 ; 0 F/in                 ; short        ; open          ; open            ; open  ; 0 V                 ; -                  ; n/a           ; n/a             ; n/a         ;
; S0[5]         ; 2.5 V        ; 0 in              ; 0 H/in                  ; 0 F/in                  ; short         ; -                   ; open           ; open             ; open   ; 0 in             ; 0 H/in                 ; 0 F/in                 ; short        ; open          ; open            ; open  ; 0 V                 ; -                  ; n/a           ; n/a             ; n/a         ;
; S0[6]         ; 2.5 V        ; 0 in              ; 0 H/in                  ; 0 F/in                  ; short         ; -                   ; open           ; open             ; open   ; 0 in             ; 0 H/in                 ; 0 F/in                 ; short        ; open          ; open            ; open  ; 0 V                 ; -                  ; n/a           ; n/a             ; n/a         ;
; S1[0]         ; 2.5 V        ; 0 in              ; 0 H/in                  ; 0 F/in                  ; short         ; -                   ; open           ; open             ; open   ; 0 in             ; 0 H/in                 ; 0 F/in                 ; short        ; open          ; open            ; open  ; 0 V                 ; -                  ; n/a           ; n/a             ; n/a         ;
; S1[1]         ; 2.5 V        ; 0 in              ; 0 H/in                  ; 0 F/in                  ; short         ; -                   ; open           ; open             ; open   ; 0 in             ; 0 H/in                 ; 0 F/in                 ; short        ; open          ; open            ; open  ; 0 V                 ; -                  ; n/a           ; n/a             ; n/a         ;
; S1[2]         ; 2.5 V        ; 0 in              ; 0 H/in                  ; 0 F/in                  ; short         ; -                   ; open           ; open             ; open   ; 0 in             ; 0 H/in                 ; 0 F/in                 ; short        ; open          ; open            ; open  ; 0 V                 ; -                  ; n/a           ; n/a             ; n/a         ;
; S1[3]         ; 2.5 V        ; 0 in              ; 0 H/in                  ; 0 F/in                  ; short         ; -                   ; open           ; open             ; open   ; 0 in             ; 0 H/in                 ; 0 F/in                 ; short        ; open          ; open            ; open  ; 0 V                 ; -                  ; n/a           ; n/a             ; n/a         ;
; S1[4]         ; 2.5 V        ; 0 in              ; 0 H/in                  ; 0 F/in                  ; short         ; -                   ; open           ; open             ; open   ; 0 in             ; 0 H/in                 ; 0 F/in                 ; short        ; open          ; open            ; open  ; 0 V                 ; -                  ; n/a           ; n/a             ; n/a         ;
; S1[5]         ; 2.5 V        ; 0 in              ; 0 H/in                  ; 0 F/in                  ; short         ; -                   ; open           ; open             ; open   ; 0 in             ; 0 H/in                 ; 0 F/in                 ; short        ; open          ; open            ; open  ; 0 V                 ; -                  ; n/a           ; n/a             ; n/a         ;
; S1[6]         ; 2.5 V        ; 0 in              ; 0 H/in                  ; 0 F/in                  ; short         ; -                   ; open           ; open             ; open   ; 0 in             ; 0 H/in                 ; 0 F/in                 ; short        ; open          ; open            ; open  ; 0 V                 ; -                  ; n/a           ; n/a             ; n/a         ;
; ~ALTERA_NCEO~ ; 2.5 V        ; 0 in              ; 0 H/in                  ; 0 F/in                  ; short         ; -                   ; open           ; open             ; open   ; 0 in             ; 0 H/in                 ; 0 F/in                 ; short        ; open          ; open            ; open  ; 0 V                 ; -                  ; n/a           ; n/a             ; n/a         ;
; ~ALTERA_DCLK~ ; 2.5 V        ; 0 in              ; 0 H/in                  ; 0 F/in                  ; short         ; -                   ; open           ; open             ; open   ; 0 in             ; 0 H/in                 ; 0 F/in                 ; short        ; open          ; open            ; open  ; 0 V                 ; -                  ; n/a           ; n/a             ; n/a         ;
+---------------+--------------+-------------------+-------------------------+-------------------------+---------------+---------------------+----------------+------------------+--------+------------------+------------------------+------------------------+--------------+---------------+-----------------+-------+---------------------+--------------------+---------------+-----------------+-------------+


+------------------------------------------------------------------------+
; Input Transition Times                                                 ;
+---------------------+--------------+-----------------+-----------------+
; Pin                 ; I/O Standard ; 10-90 Rise Time ; 90-10 Fall Time ;
+---------------------+--------------+-----------------+-----------------+
; A0[0]               ; 2.5 V        ; 2000 ps         ; 2000 ps         ;
; A0[1]               ; 2.5 V        ; 2000 ps         ; 2000 ps         ;
; A0[2]               ; 2.5 V        ; 2000 ps         ; 2000 ps         ;
; A0[3]               ; 2.5 V        ; 2000 ps         ; 2000 ps         ;
; A1[0]               ; 2.5 V        ; 2000 ps         ; 2000 ps         ;
; A1[1]               ; 2.5 V        ; 2000 ps         ; 2000 ps         ;
; A1[2]               ; 2.5 V        ; 2000 ps         ; 2000 ps         ;
; A1[3]               ; 2.5 V        ; 2000 ps         ; 2000 ps         ;
; ~ALTERA_DATA0~      ; 2.5 V        ; 2000 ps         ; 2000 ps         ;
; ~ALTERA_ASDO_DATA1~ ; 2.5 V        ; 2000 ps         ; 2000 ps         ;
; ~ALTERA_NCSO~       ; 2.5 V        ; 2000 ps         ; 2000 ps         ;
+---------------------+--------------+-----------------+-----------------+


+--------------------------------------------------------------------------------------------------------------------------------------------------------------------------------------------------------------------------------------------------------------------------------------------------------------------------------------------------------------------------------------------------------------------------------------------------------------------------------------------------------------------------------------------------------------------------------------------------------------------------------------------------------------------------------------------+
; Signal Integrity Metrics (Slow 1200mv 0c Model)                                                                                                                                                                                                                                                                                                                                                                                                                                                                                                                                                                                                                                            ;
+---------------+--------------+---------------------+---------------------+------------------------------+------------------------------+---------------------+---------------------+--------------------------------------+--------------------------------------+-----------------------------+-----------------------------+----------------------------+----------------------------+-----------------------------+-----------------------------+--------------------+--------------------+-------------------------------------+-------------------------------------+----------------------------+----------------------------+---------------------------+---------------------------+
; Pin           ; I/O Standard ; Board Delay on Rise ; Board Delay on Fall ; Steady State Voh at FPGA Pin ; Steady State Vol at FPGA Pin ; Voh Max at FPGA Pin ; Vol Min at FPGA Pin ; Ringback Voltage on Rise at FPGA Pin ; Ringback Voltage on Fall at FPGA Pin ; 10-90 Rise Time at FPGA Pin ; 90-10 Fall Time at FPGA Pin ; Monotonic Rise at FPGA Pin ; Monotonic Fall at FPGA Pin ; Steady State Voh at Far-end ; Steady State Vol at Far-end ; Voh Max at Far-end ; Vol Min at Far-end ; Ringback Voltage on Rise at Far-end ; Ringback Voltage on Fall at Far-end ; 10-90 Rise Time at Far-end ; 90-10 Fall Time at Far-end ; Monotonic Rise at Far-end ; Monotonic Fall at Far-end ;
+---------------+--------------+---------------------+---------------------+------------------------------+------------------------------+---------------------+---------------------+--------------------------------------+--------------------------------------+-----------------------------+-----------------------------+----------------------------+----------------------------+-----------------------------+-----------------------------+--------------------+--------------------+-------------------------------------+-------------------------------------+----------------------------+----------------------------+---------------------------+---------------------------+
; S0[0]         ; 2.5 V        ; 0 s                 ; 0 s                 ; 2.32 V                       ; 4.49e-09 V                   ; 2.38 V              ; -0.00552 V          ; 0.096 V                              ; 0.019 V                              ; 4.18e-10 s                  ; 3.59e-10 s                  ; No                         ; Yes                        ; 2.32 V                      ; 4.49e-09 V                  ; 2.38 V             ; -0.00552 V         ; 0.096 V                             ; 0.019 V                             ; 4.18e-10 s                 ; 3.59e-10 s                 ; No                        ; Yes                       ;
; S0[1]         ; 2.5 V        ; 0 s                 ; 0 s                 ; 2.32 V                       ; 4.49e-09 V                   ; 2.38 V              ; -0.00552 V          ; 0.096 V                              ; 0.019 V                              ; 4.18e-10 s                  ; 3.59e-10 s                  ; No                         ; Yes                        ; 2.32 V                      ; 4.49e-09 V                  ; 2.38 V             ; -0.00552 V         ; 0.096 V                             ; 0.019 V                             ; 4.18e-10 s                 ; 3.59e-10 s                 ; No                        ; Yes                       ;
; S0[2]         ; 2.5 V        ; 0 s                 ; 0 s                 ; 2.32 V                       ; 4.49e-09 V                   ; 2.33 V              ; -0.00467 V          ; 0.226 V                              ; 0.087 V                              ; 2.91e-09 s                  ; 2.74e-09 s                  ; Yes                        ; Yes                        ; 2.32 V                      ; 4.49e-09 V                  ; 2.33 V             ; -0.00467 V         ; 0.226 V                             ; 0.087 V                             ; 2.91e-09 s                 ; 2.74e-09 s                 ; Yes                       ; Yes                       ;
; S0[3]         ; 2.5 V        ; 0 s                 ; 0 s                 ; 2.32 V                       ; 4.49e-09 V                   ; 2.38 V              ; -0.00552 V          ; 0.096 V                              ; 0.019 V                              ; 4.18e-10 s                  ; 3.59e-10 s                  ; No                         ; Yes                        ; 2.32 V                      ; 4.49e-09 V                  ; 2.38 V             ; -0.00552 V         ; 0.096 V                             ; 0.019 V                             ; 4.18e-10 s                 ; 3.59e-10 s                 ; No                        ; Yes                       ;
; S0[4]         ; 2.5 V        ; 0 s                 ; 0 s                 ; 2.32 V                       ; 4.49e-09 V                   ; 2.38 V              ; -0.00552 V          ; 0.096 V                              ; 0.019 V                              ; 4.18e-10 s                  ; 3.59e-10 s                  ; No                         ; Yes                        ; 2.32 V                      ; 4.49e-09 V                  ; 2.38 V             ; -0.00552 V         ; 0.096 V                             ; 0.019 V                             ; 4.18e-10 s                 ; 3.59e-10 s                 ; No                        ; Yes                       ;
; S0[5]         ; 2.5 V        ; 0 s                 ; 0 s                 ; 2.32 V                       ; 4.49e-09 V                   ; 2.38 V              ; -0.00552 V          ; 0.096 V                              ; 0.019 V                              ; 4.18e-10 s                  ; 3.59e-10 s                  ; No                         ; Yes                        ; 2.32 V                      ; 4.49e-09 V                  ; 2.38 V             ; -0.00552 V         ; 0.096 V                             ; 0.019 V                             ; 4.18e-10 s                 ; 3.59e-10 s                 ; No                        ; Yes                       ;
; S0[6]         ; 2.5 V        ; 0 s                 ; 0 s                 ; 2.32 V                       ; 4.49e-09 V                   ; 2.38 V              ; -0.00552 V          ; 0.096 V                              ; 0.019 V                              ; 4.18e-10 s                  ; 3.59e-10 s                  ; No                         ; Yes                        ; 2.32 V                      ; 4.49e-09 V                  ; 2.38 V             ; -0.00552 V         ; 0.096 V                             ; 0.019 V                             ; 4.18e-10 s                 ; 3.59e-10 s                 ; No                        ; Yes                       ;
; S1[0]         ; 2.5 V        ; 0 s                 ; 0 s                 ; 2.32 V                       ; 4.49e-09 V                   ; 2.38 V              ; -0.00552 V          ; 0.096 V                              ; 0.019 V                              ; 4.18e-10 s                  ; 3.59e-10 s                  ; No                         ; Yes                        ; 2.32 V                      ; 4.49e-09 V                  ; 2.38 V             ; -0.00552 V         ; 0.096 V                             ; 0.019 V                             ; 4.18e-10 s                 ; 3.59e-10 s                 ; No                        ; Yes                       ;
; S1[1]         ; 2.5 V        ; 0 s                 ; 0 s                 ; 2.32 V                       ; 4.49e-09 V                   ; 2.33 V              ; -0.00467 V          ; 0.226 V                              ; 0.087 V                              ; 2.91e-09 s                  ; 2.74e-09 s                  ; Yes                        ; Yes                        ; 2.32 V                      ; 4.49e-09 V                  ; 2.33 V             ; -0.00467 V         ; 0.226 V                             ; 0.087 V                             ; 2.91e-09 s                 ; 2.74e-09 s                 ; Yes                       ; Yes                       ;
; S1[2]         ; 2.5 V        ; 0 s                 ; 0 s                 ; 2.32 V                       ; 4.49e-09 V                   ; 2.38 V              ; -0.00552 V          ; 0.096 V                              ; 0.019 V                              ; 4.18e-10 s                  ; 3.59e-10 s                  ; No                         ; Yes                        ; 2.32 V                      ; 4.49e-09 V                  ; 2.38 V             ; -0.00552 V         ; 0.096 V                             ; 0.019 V                             ; 4.18e-10 s                 ; 3.59e-10 s                 ; No                        ; Yes                       ;
; S1[3]         ; 2.5 V        ; 0 s                 ; 0 s                 ; 2.32 V                       ; 4.49e-09 V                   ; 2.38 V              ; -0.00552 V          ; 0.096 V                              ; 0.019 V                              ; 4.18e-10 s                  ; 3.59e-10 s                  ; No                         ; Yes                        ; 2.32 V                      ; 4.49e-09 V                  ; 2.38 V             ; -0.00552 V         ; 0.096 V                             ; 0.019 V                             ; 4.18e-10 s                 ; 3.59e-10 s                 ; No                        ; Yes                       ;
; S1[4]         ; 2.5 V        ; 0 s                 ; 0 s                 ; 2.32 V                       ; 4.49e-09 V                   ; 2.38 V              ; -0.00552 V          ; 0.096 V                              ; 0.019 V                              ; 4.18e-10 s                  ; 3.59e-10 s                  ; No                         ; Yes                        ; 2.32 V                      ; 4.49e-09 V                  ; 2.38 V             ; -0.00552 V         ; 0.096 V                             ; 0.019 V                             ; 4.18e-10 s                 ; 3.59e-10 s                 ; No                        ; Yes                       ;
; S1[5]         ; 2.5 V        ; 0 s                 ; 0 s                 ; 2.32 V                       ; 4.49e-09 V                   ; 2.38 V              ; -0.00552 V          ; 0.096 V                              ; 0.019 V                              ; 4.18e-10 s                  ; 3.59e-10 s                  ; No                         ; Yes                        ; 2.32 V                      ; 4.49e-09 V                  ; 2.38 V             ; -0.00552 V         ; 0.096 V                             ; 0.019 V                             ; 4.18e-10 s                 ; 3.59e-10 s                 ; No                        ; Yes                       ;
; S1[6]         ; 2.5 V        ; 0 s                 ; 0 s                 ; 2.32 V                       ; 4.49e-09 V                   ; 2.38 V              ; -0.00552 V          ; 0.096 V                              ; 0.019 V                              ; 4.18e-10 s                  ; 3.59e-10 s                  ; No                         ; Yes                        ; 2.32 V                      ; 4.49e-09 V                  ; 2.38 V             ; -0.00552 V         ; 0.096 V                             ; 0.019 V                             ; 4.18e-10 s                 ; 3.59e-10 s                 ; No                        ; Yes                       ;
; ~ALTERA_NCEO~ ; 2.5 V        ; 0 s                 ; 0 s                 ; 2.32 V                       ; 2.92e-09 V                   ; 2.47 V              ; -0.0283 V           ; 0.229 V                              ; 0.031 V                              ; 1.27e-10 s                  ; 2.34e-10 s                  ; Yes                        ; Yes                        ; 2.32 V                      ; 2.92e-09 V                  ; 2.47 V             ; -0.0283 V          ; 0.229 V                             ; 0.031 V                             ; 1.27e-10 s                 ; 2.34e-10 s                 ; Yes                       ; Yes                       ;
; ~ALTERA_DCLK~ ; 2.5 V        ; 0 s                 ; 0 s                 ; 2.32 V                       ; 3.59e-09 V                   ; 2.37 V              ; -0.038 V            ; 0.188 V                              ; 0.093 V                              ; 3.06e-10 s                  ; 2.83e-10 s                  ; Yes                        ; Yes                        ; 2.32 V                      ; 3.59e-09 V                  ; 2.37 V             ; -0.038 V           ; 0.188 V                             ; 0.093 V                             ; 3.06e-10 s                 ; 2.83e-10 s                 ; Yes                       ; Yes                       ;
+---------------+--------------+---------------------+---------------------+------------------------------+------------------------------+---------------------+---------------------+--------------------------------------+--------------------------------------+-----------------------------+-----------------------------+----------------------------+----------------------------+-----------------------------+-----------------------------+--------------------+--------------------+-------------------------------------+-------------------------------------+----------------------------+----------------------------+---------------------------+---------------------------+


+--------------------------------------------------------------------------------------------------------------------------------------------------------------------------------------------------------------------------------------------------------------------------------------------------------------------------------------------------------------------------------------------------------------------------------------------------------------------------------------------------------------------------------------------------------------------------------------------------------------------------------------------------------------------------------------------+
; Signal Integrity Metrics (Slow 1200mv 85c Model)                                                                                                                                                                                                                                                                                                                                                                                                                                                                                                                                                                                                                                           ;
+---------------+--------------+---------------------+---------------------+------------------------------+------------------------------+---------------------+---------------------+--------------------------------------+--------------------------------------+-----------------------------+-----------------------------+----------------------------+----------------------------+-----------------------------+-----------------------------+--------------------+--------------------+-------------------------------------+-------------------------------------+----------------------------+----------------------------+---------------------------+---------------------------+
; Pin           ; I/O Standard ; Board Delay on Rise ; Board Delay on Fall ; Steady State Voh at FPGA Pin ; Steady State Vol at FPGA Pin ; Voh Max at FPGA Pin ; Vol Min at FPGA Pin ; Ringback Voltage on Rise at FPGA Pin ; Ringback Voltage on Fall at FPGA Pin ; 10-90 Rise Time at FPGA Pin ; 90-10 Fall Time at FPGA Pin ; Monotonic Rise at FPGA Pin ; Monotonic Fall at FPGA Pin ; Steady State Voh at Far-end ; Steady State Vol at Far-end ; Voh Max at Far-end ; Vol Min at Far-end ; Ringback Voltage on Rise at Far-end ; Ringback Voltage on Fall at Far-end ; 10-90 Rise Time at Far-end ; 90-10 Fall Time at Far-end ; Monotonic Rise at Far-end ; Monotonic Fall at Far-end ;
+---------------+--------------+---------------------+---------------------+------------------------------+------------------------------+---------------------+---------------------+--------------------------------------+--------------------------------------+-----------------------------+-----------------------------+----------------------------+----------------------------+-----------------------------+-----------------------------+--------------------+--------------------+-------------------------------------+-------------------------------------+----------------------------+----------------------------+---------------------------+---------------------------+
; S0[0]         ; 2.5 V        ; 0 s                 ; 0 s                 ; 2.32 V                       ; 6.92e-07 V                   ; 2.35 V              ; -0.00996 V          ; 0.121 V                              ; 0.03 V                               ; 4.64e-10 s                  ; 4.47e-10 s                  ; Yes                        ; Yes                        ; 2.32 V                      ; 6.92e-07 V                  ; 2.35 V             ; -0.00996 V         ; 0.121 V                             ; 0.03 V                              ; 4.64e-10 s                 ; 4.47e-10 s                 ; Yes                       ; Yes                       ;
; S0[1]         ; 2.5 V        ; 0 s                 ; 0 s                 ; 2.32 V                       ; 6.92e-07 V                   ; 2.35 V              ; -0.00996 V          ; 0.121 V                              ; 0.03 V                               ; 4.64e-10 s                  ; 4.47e-10 s                  ; Yes                        ; Yes                        ; 2.32 V                      ; 6.92e-07 V                  ; 2.35 V             ; -0.00996 V         ; 0.121 V                             ; 0.03 V                              ; 4.64e-10 s                 ; 4.47e-10 s                 ; Yes                       ; Yes                       ;
; S0[2]         ; 2.5 V        ; 0 s                 ; 0 s                 ; 2.32 V                       ; 6.92e-07 V                   ; 2.33 V              ; -0.00265 V          ; 0.133 V                              ; 0.056 V                              ; 3.55e-09 s                  ; 3.31e-09 s                  ; Yes                        ; Yes                        ; 2.32 V                      ; 6.92e-07 V                  ; 2.33 V             ; -0.00265 V         ; 0.133 V                             ; 0.056 V                             ; 3.55e-09 s                 ; 3.31e-09 s                 ; Yes                       ; Yes                       ;
; S0[3]         ; 2.5 V        ; 0 s                 ; 0 s                 ; 2.32 V                       ; 6.92e-07 V                   ; 2.35 V              ; -0.00996 V          ; 0.121 V                              ; 0.03 V                               ; 4.64e-10 s                  ; 4.47e-10 s                  ; Yes                        ; Yes                        ; 2.32 V                      ; 6.92e-07 V                  ; 2.35 V             ; -0.00996 V         ; 0.121 V                             ; 0.03 V                              ; 4.64e-10 s                 ; 4.47e-10 s                 ; Yes                       ; Yes                       ;
; S0[4]         ; 2.5 V        ; 0 s                 ; 0 s                 ; 2.32 V                       ; 6.92e-07 V                   ; 2.35 V              ; -0.00996 V          ; 0.121 V                              ; 0.03 V                               ; 4.64e-10 s                  ; 4.47e-10 s                  ; Yes                        ; Yes                        ; 2.32 V                      ; 6.92e-07 V                  ; 2.35 V             ; -0.00996 V         ; 0.121 V                             ; 0.03 V                              ; 4.64e-10 s                 ; 4.47e-10 s                 ; Yes                       ; Yes                       ;
; S0[5]         ; 2.5 V        ; 0 s                 ; 0 s                 ; 2.32 V                       ; 6.92e-07 V                   ; 2.35 V              ; -0.00996 V          ; 0.121 V                              ; 0.03 V                               ; 4.64e-10 s                  ; 4.47e-10 s                  ; Yes                        ; Yes                        ; 2.32 V                      ; 6.92e-07 V                  ; 2.35 V             ; -0.00996 V         ; 0.121 V                             ; 0.03 V                              ; 4.64e-10 s                 ; 4.47e-10 s                 ; Yes                       ; Yes                       ;
; S0[6]         ; 2.5 V        ; 0 s                 ; 0 s                 ; 2.32 V                       ; 6.92e-07 V                   ; 2.35 V              ; -0.00996 V          ; 0.121 V                              ; 0.03 V                               ; 4.64e-10 s                  ; 4.47e-10 s                  ; Yes                        ; Yes                        ; 2.32 V                      ; 6.92e-07 V                  ; 2.35 V             ; -0.00996 V         ; 0.121 V                             ; 0.03 V                              ; 4.64e-10 s                 ; 4.47e-10 s                 ; Yes                       ; Yes                       ;
; S1[0]         ; 2.5 V        ; 0 s                 ; 0 s                 ; 2.32 V                       ; 6.92e-07 V                   ; 2.35 V              ; -0.00996 V          ; 0.121 V                              ; 0.03 V                               ; 4.64e-10 s                  ; 4.47e-10 s                  ; Yes                        ; Yes                        ; 2.32 V                      ; 6.92e-07 V                  ; 2.35 V             ; -0.00996 V         ; 0.121 V                             ; 0.03 V                              ; 4.64e-10 s                 ; 4.47e-10 s                 ; Yes                       ; Yes                       ;
; S1[1]         ; 2.5 V        ; 0 s                 ; 0 s                 ; 2.32 V                       ; 6.92e-07 V                   ; 2.33 V              ; -0.00265 V          ; 0.133 V                              ; 0.056 V                              ; 3.55e-09 s                  ; 3.31e-09 s                  ; Yes                        ; Yes                        ; 2.32 V                      ; 6.92e-07 V                  ; 2.33 V             ; -0.00265 V         ; 0.133 V                             ; 0.056 V                             ; 3.55e-09 s                 ; 3.31e-09 s                 ; Yes                       ; Yes                       ;
; S1[2]         ; 2.5 V        ; 0 s                 ; 0 s                 ; 2.32 V                       ; 6.92e-07 V                   ; 2.35 V              ; -0.00996 V          ; 0.121 V                              ; 0.03 V                               ; 4.64e-10 s                  ; 4.47e-10 s                  ; Yes                        ; Yes                        ; 2.32 V                      ; 6.92e-07 V                  ; 2.35 V             ; -0.00996 V         ; 0.121 V                             ; 0.03 V                              ; 4.64e-10 s                 ; 4.47e-10 s                 ; Yes                       ; Yes                       ;
; S1[3]         ; 2.5 V        ; 0 s                 ; 0 s                 ; 2.32 V                       ; 6.92e-07 V                   ; 2.35 V              ; -0.00996 V          ; 0.121 V                              ; 0.03 V                               ; 4.64e-10 s                  ; 4.47e-10 s                  ; Yes                        ; Yes                        ; 2.32 V                      ; 6.92e-07 V                  ; 2.35 V             ; -0.00996 V         ; 0.121 V                             ; 0.03 V                              ; 4.64e-10 s                 ; 4.47e-10 s                 ; Yes                       ; Yes                       ;
; S1[4]         ; 2.5 V        ; 0 s                 ; 0 s                 ; 2.32 V                       ; 6.92e-07 V                   ; 2.35 V              ; -0.00996 V          ; 0.121 V                              ; 0.03 V                               ; 4.64e-10 s                  ; 4.47e-10 s                  ; Yes                        ; Yes                        ; 2.32 V                      ; 6.92e-07 V                  ; 2.35 V             ; -0.00996 V         ; 0.121 V                             ; 0.03 V                              ; 4.64e-10 s                 ; 4.47e-10 s                 ; Yes                       ; Yes                       ;
; S1[5]         ; 2.5 V        ; 0 s                 ; 0 s                 ; 2.32 V                       ; 6.92e-07 V                   ; 2.35 V              ; -0.00996 V          ; 0.121 V                              ; 0.03 V                               ; 4.64e-10 s                  ; 4.47e-10 s                  ; Yes                        ; Yes                        ; 2.32 V                      ; 6.92e-07 V                  ; 2.35 V             ; -0.00996 V         ; 0.121 V                             ; 0.03 V                              ; 4.64e-10 s                 ; 4.47e-10 s                 ; Yes                       ; Yes                       ;
; S1[6]         ; 2.5 V        ; 0 s                 ; 0 s                 ; 2.32 V                       ; 6.92e-07 V                   ; 2.35 V              ; -0.00996 V          ; 0.121 V                              ; 0.03 V                               ; 4.64e-10 s                  ; 4.47e-10 s                  ; Yes                        ; Yes                        ; 2.32 V                      ; 6.92e-07 V                  ; 2.35 V             ; -0.00996 V         ; 0.121 V                             ; 0.03 V                              ; 4.64e-10 s                 ; 4.47e-10 s                 ; Yes                       ; Yes                       ;
; ~ALTERA_NCEO~ ; 2.5 V        ; 0 s                 ; 0 s                 ; 2.32 V                       ; 4.56e-07 V                   ; 2.36 V              ; -0.0218 V           ; 0.05 V                               ; 0.038 V                              ; 2.27e-10 s                  ; 3.26e-10 s                  ; Yes                        ; Yes                        ; 2.32 V                      ; 4.56e-07 V                  ; 2.36 V             ; -0.0218 V          ; 0.05 V                              ; 0.038 V                             ; 2.27e-10 s                 ; 3.26e-10 s                 ; Yes                       ; Yes                       ;
; ~ALTERA_DCLK~ ; 2.5 V        ; 0 s                 ; 0 s                 ; 2.32 V                       ; 5.55e-07 V                   ; 2.35 V              ; -0.00881 V          ; 0.093 V                              ; 0.011 V                              ; 4.44e-10 s                  ; 3.77e-10 s                  ; Yes                        ; Yes                        ; 2.32 V                      ; 5.55e-07 V                  ; 2.35 V             ; -0.00881 V         ; 0.093 V                             ; 0.011 V                             ; 4.44e-10 s                 ; 3.77e-10 s                 ; Yes                       ; Yes                       ;
+---------------+--------------+---------------------+---------------------+------------------------------+------------------------------+---------------------+---------------------+--------------------------------------+--------------------------------------+-----------------------------+-----------------------------+----------------------------+----------------------------+-----------------------------+-----------------------------+--------------------+--------------------+-------------------------------------+-------------------------------------+----------------------------+----------------------------+---------------------------+---------------------------+


+--------------------------------------------------------------------------------------------------------------------------------------------------------------------------------------------------------------------------------------------------------------------------------------------------------------------------------------------------------------------------------------------------------------------------------------------------------------------------------------------------------------------------------------------------------------------------------------------------------------------------------------------------------------------------------------------+
; Signal Integrity Metrics (Fast 1200mv 0c Model)                                                                                                                                                                                                                                                                                                                                                                                                                                                                                                                                                                                                                                            ;
+---------------+--------------+---------------------+---------------------+------------------------------+------------------------------+---------------------+---------------------+--------------------------------------+--------------------------------------+-----------------------------+-----------------------------+----------------------------+----------------------------+-----------------------------+-----------------------------+--------------------+--------------------+-------------------------------------+-------------------------------------+----------------------------+----------------------------+---------------------------+---------------------------+
; Pin           ; I/O Standard ; Board Delay on Rise ; Board Delay on Fall ; Steady State Voh at FPGA Pin ; Steady State Vol at FPGA Pin ; Voh Max at FPGA Pin ; Vol Min at FPGA Pin ; Ringback Voltage on Rise at FPGA Pin ; Ringback Voltage on Fall at FPGA Pin ; 10-90 Rise Time at FPGA Pin ; 90-10 Fall Time at FPGA Pin ; Monotonic Rise at FPGA Pin ; Monotonic Fall at FPGA Pin ; Steady State Voh at Far-end ; Steady State Vol at Far-end ; Voh Max at Far-end ; Vol Min at Far-end ; Ringback Voltage on Rise at Far-end ; Ringback Voltage on Fall at Far-end ; 10-90 Rise Time at Far-end ; 90-10 Fall Time at Far-end ; Monotonic Rise at Far-end ; Monotonic Fall at Far-end ;
+---------------+--------------+---------------------+---------------------+------------------------------+------------------------------+---------------------+---------------------+--------------------------------------+--------------------------------------+-----------------------------+-----------------------------+----------------------------+----------------------------+-----------------------------+-----------------------------+--------------------+--------------------+-------------------------------------+-------------------------------------+----------------------------+----------------------------+---------------------------+---------------------------+
; S0[0]         ; 2.5 V        ; 0 s                 ; 0 s                 ; 2.62 V                       ; 4.05e-08 V                   ; 2.72 V              ; -0.0349 V           ; 0.173 V                              ; 0.1 V                                ; 2.72e-10 s                  ; 2.69e-10 s                  ; Yes                        ; Yes                        ; 2.62 V                      ; 4.05e-08 V                  ; 2.72 V             ; -0.0349 V          ; 0.173 V                             ; 0.1 V                               ; 2.72e-10 s                 ; 2.69e-10 s                 ; Yes                       ; Yes                       ;
; S0[1]         ; 2.5 V        ; 0 s                 ; 0 s                 ; 2.62 V                       ; 4.05e-08 V                   ; 2.72 V              ; -0.0349 V           ; 0.173 V                              ; 0.1 V                                ; 2.72e-10 s                  ; 2.69e-10 s                  ; Yes                        ; Yes                        ; 2.62 V                      ; 4.05e-08 V                  ; 2.72 V             ; -0.0349 V          ; 0.173 V                             ; 0.1 V                               ; 2.72e-10 s                 ; 2.69e-10 s                 ; Yes                       ; Yes                       ;
; S0[2]         ; 2.5 V        ; 0 s                 ; 0 s                 ; 2.62 V                       ; 4.05e-08 V                   ; 2.64 V              ; -0.0113 V           ; 0.208 V                              ; 0.179 V                              ; 2.38e-09 s                  ; 2.23e-09 s                  ; No                         ; Yes                        ; 2.62 V                      ; 4.05e-08 V                  ; 2.64 V             ; -0.0113 V          ; 0.208 V                             ; 0.179 V                             ; 2.38e-09 s                 ; 2.23e-09 s                 ; No                        ; Yes                       ;
; S0[3]         ; 2.5 V        ; 0 s                 ; 0 s                 ; 2.62 V                       ; 4.05e-08 V                   ; 2.72 V              ; -0.0349 V           ; 0.173 V                              ; 0.1 V                                ; 2.72e-10 s                  ; 2.69e-10 s                  ; Yes                        ; Yes                        ; 2.62 V                      ; 4.05e-08 V                  ; 2.72 V             ; -0.0349 V          ; 0.173 V                             ; 0.1 V                               ; 2.72e-10 s                 ; 2.69e-10 s                 ; Yes                       ; Yes                       ;
; S0[4]         ; 2.5 V        ; 0 s                 ; 0 s                 ; 2.62 V                       ; 4.05e-08 V                   ; 2.72 V              ; -0.0349 V           ; 0.173 V                              ; 0.1 V                                ; 2.72e-10 s                  ; 2.69e-10 s                  ; Yes                        ; Yes                        ; 2.62 V                      ; 4.05e-08 V                  ; 2.72 V             ; -0.0349 V          ; 0.173 V                             ; 0.1 V                               ; 2.72e-10 s                 ; 2.69e-10 s                 ; Yes                       ; Yes                       ;
; S0[5]         ; 2.5 V        ; 0 s                 ; 0 s                 ; 2.62 V                       ; 4.05e-08 V                   ; 2.72 V              ; -0.0349 V           ; 0.173 V                              ; 0.1 V                                ; 2.72e-10 s                  ; 2.69e-10 s                  ; Yes                        ; Yes                        ; 2.62 V                      ; 4.05e-08 V                  ; 2.72 V             ; -0.0349 V          ; 0.173 V                             ; 0.1 V                               ; 2.72e-10 s                 ; 2.69e-10 s                 ; Yes                       ; Yes                       ;
; S0[6]         ; 2.5 V        ; 0 s                 ; 0 s                 ; 2.62 V                       ; 4.05e-08 V                   ; 2.72 V              ; -0.0349 V           ; 0.173 V                              ; 0.1 V                                ; 2.72e-10 s                  ; 2.69e-10 s                  ; Yes                        ; Yes                        ; 2.62 V                      ; 4.05e-08 V                  ; 2.72 V             ; -0.0349 V          ; 0.173 V                             ; 0.1 V                               ; 2.72e-10 s                 ; 2.69e-10 s                 ; Yes                       ; Yes                       ;
; S1[0]         ; 2.5 V        ; 0 s                 ; 0 s                 ; 2.62 V                       ; 4.05e-08 V                   ; 2.72 V              ; -0.0349 V           ; 0.173 V                              ; 0.1 V                                ; 2.72e-10 s                  ; 2.69e-10 s                  ; Yes                        ; Yes                        ; 2.62 V                      ; 4.05e-08 V                  ; 2.72 V             ; -0.0349 V          ; 0.173 V                             ; 0.1 V                               ; 2.72e-10 s                 ; 2.69e-10 s                 ; Yes                       ; Yes                       ;
; S1[1]         ; 2.5 V        ; 0 s                 ; 0 s                 ; 2.62 V                       ; 4.05e-08 V                   ; 2.64 V              ; -0.0113 V           ; 0.208 V                              ; 0.179 V                              ; 2.38e-09 s                  ; 2.23e-09 s                  ; No                         ; Yes                        ; 2.62 V                      ; 4.05e-08 V                  ; 2.64 V             ; -0.0113 V          ; 0.208 V                             ; 0.179 V                             ; 2.38e-09 s                 ; 2.23e-09 s                 ; No                        ; Yes                       ;
; S1[2]         ; 2.5 V        ; 0 s                 ; 0 s                 ; 2.62 V                       ; 4.05e-08 V                   ; 2.72 V              ; -0.0349 V           ; 0.173 V                              ; 0.1 V                                ; 2.72e-10 s                  ; 2.69e-10 s                  ; Yes                        ; Yes                        ; 2.62 V                      ; 4.05e-08 V                  ; 2.72 V             ; -0.0349 V          ; 0.173 V                             ; 0.1 V                               ; 2.72e-10 s                 ; 2.69e-10 s                 ; Yes                       ; Yes                       ;
; S1[3]         ; 2.5 V        ; 0 s                 ; 0 s                 ; 2.62 V                       ; 4.05e-08 V                   ; 2.72 V              ; -0.0349 V           ; 0.173 V                              ; 0.1 V                                ; 2.72e-10 s                  ; 2.69e-10 s                  ; Yes                        ; Yes                        ; 2.62 V                      ; 4.05e-08 V                  ; 2.72 V             ; -0.0349 V          ; 0.173 V                             ; 0.1 V                               ; 2.72e-10 s                 ; 2.69e-10 s                 ; Yes                       ; Yes                       ;
; S1[4]         ; 2.5 V        ; 0 s                 ; 0 s                 ; 2.62 V                       ; 4.05e-08 V                   ; 2.72 V              ; -0.0349 V           ; 0.173 V                              ; 0.1 V                                ; 2.72e-10 s                  ; 2.69e-10 s                  ; Yes                        ; Yes                        ; 2.62 V                      ; 4.05e-08 V                  ; 2.72 V             ; -0.0349 V          ; 0.173 V                             ; 0.1 V                               ; 2.72e-10 s                 ; 2.69e-10 s                 ; Yes                       ; Yes                       ;
; S1[5]         ; 2.5 V        ; 0 s                 ; 0 s                 ; 2.62 V                       ; 4.05e-08 V                   ; 2.72 V              ; -0.0349 V           ; 0.173 V                              ; 0.1 V                                ; 2.72e-10 s                  ; 2.69e-10 s                  ; Yes                        ; Yes                        ; 2.62 V                      ; 4.05e-08 V                  ; 2.72 V             ; -0.0349 V          ; 0.173 V                             ; 0.1 V                               ; 2.72e-10 s                 ; 2.69e-10 s                 ; Yes                       ; Yes                       ;
; S1[6]         ; 2.5 V        ; 0 s                 ; 0 s                 ; 2.62 V                       ; 4.05e-08 V                   ; 2.72 V              ; -0.0349 V           ; 0.173 V                              ; 0.1 V                                ; 2.72e-10 s                  ; 2.69e-10 s                  ; Yes                        ; Yes                        ; 2.62 V                      ; 4.05e-08 V                  ; 2.72 V             ; -0.0349 V          ; 0.173 V                             ; 0.1 V                               ; 2.72e-10 s                 ; 2.69e-10 s                 ; Yes                       ; Yes                       ;
; ~ALTERA_NCEO~ ; 2.5 V        ; 0 s                 ; 0 s                 ; 2.62 V                       ; 2.65e-08 V                   ; 3.12 V              ; -0.147 V            ; 0.571 V                              ; 0.186 V                              ; 8.91e-11 s                  ; 1.76e-10 s                  ; No                         ; Yes                        ; 2.62 V                      ; 2.65e-08 V                  ; 3.12 V             ; -0.147 V           ; 0.571 V                             ; 0.186 V                             ; 8.91e-11 s                 ; 1.76e-10 s                 ; No                        ; Yes                       ;
; ~ALTERA_DCLK~ ; 2.5 V        ; 0 s                 ; 0 s                 ; 2.62 V                       ; 3.26e-08 V                   ; 2.73 V              ; -0.0622 V           ; 0.148 V                              ; 0.088 V                              ; 2.68e-10 s                  ; 2.25e-10 s                  ; Yes                        ; Yes                        ; 2.62 V                      ; 3.26e-08 V                  ; 2.73 V             ; -0.0622 V          ; 0.148 V                             ; 0.088 V                             ; 2.68e-10 s                 ; 2.25e-10 s                 ; Yes                       ; Yes                       ;
+---------------+--------------+---------------------+---------------------+------------------------------+------------------------------+---------------------+---------------------+--------------------------------------+--------------------------------------+-----------------------------+-----------------------------+----------------------------+----------------------------+-----------------------------+-----------------------------+--------------------+--------------------+-------------------------------------+-------------------------------------+----------------------------+----------------------------+---------------------------+---------------------------+


-------------------
; Clock Transfers ;
-------------------
Nothing to report.


---------------
; Report TCCS ;
---------------
No dedicated SERDES Transmitter circuitry present in device or used in design


---------------
; Report RSKM ;
---------------
No non-DPA dedicated SERDES Receiver circuitry present in device or used in design


+------------------------------------------------+
; Unconstrained Paths                            ;
+---------------------------------+-------+------+
; Property                        ; Setup ; Hold ;
+---------------------------------+-------+------+
; Illegal Clocks                  ; 0     ; 0    ;
; Unconstrained Clocks            ; 0     ; 0    ;
; Unconstrained Input Ports       ; 8     ; 8    ;
; Unconstrained Input Port Paths  ; 56    ; 56   ;
; Unconstrained Output Ports      ; 14    ; 14   ;
; Unconstrained Output Port Paths ; 56    ; 56   ;
+---------------------------------+-------+------+


+------------------------------------+
; TimeQuest Timing Analyzer Messages ;
+------------------------------------+
Info: *******************************************************************
Info: Running Quartus II 64-Bit TimeQuest Timing Analyzer
    Info: Version 13.1.0 Build 162 10/23/2013 SJ Full Version
    Info: Processing started: Fri Sep 25 00:00:01 2020
Info: Command: quartus_sta decodificador -c decodificador
Info: qsta_default_script.tcl version: #1
Info (20030): Parallel compilation is enabled and will use 12 of the 12 processors detected
Info (21077): Low junction temperature is 0 degrees C
Info (21077): High junction temperature is 85 degrees C
Critical Warning (332012): Synopsys Design Constraints File file not found: 'decodificador.sdc'. A Synopsys Design Constraints File is required by the TimeQuest Timing Analyzer to get proper timing constraints. Without it, the Compiler will not properly optimize the design.
Info (332142): No user constrained base clocks found in the design. Calling "derive_clocks -period 1.0"
Info (332096): The command derive_clocks did not find any clocks to derive.  No clocks were created or changed.
Warning (332068): No clocks defined in design.
Info (332143): No user constrained clock uncertainty found in the design. Calling "derive_clock_uncertainty"
Info (332154): The derive_clock_uncertainty command did not apply clock uncertainty to any clock-to-clock transfers.
Info: Found TIMEQUEST_REPORT_SCRIPT_INCLUDE_DEFAULT_ANALYSIS = ON
Info (332159): No clocks to report
Info: Analyzing Slow 1200mV 85C Model
Info (332140): No fmax paths to report
Info (332140): No Setup paths to report
Info (332140): No Hold paths to report
Info (332140): No Recovery paths to report
Info (332140): No Removal paths to report
Info (332140): No Minimum Pulse Width paths to report
Info: Analyzing Slow 1200mV 0C Model
Info (334003): Started post-fitting delay annotation
Info (334004): Delay annotation completed successfully
Info (332142): No user constrained base clocks found in the design. Calling "derive_clocks -period 1.0"
Info (332096): The command derive_clocks did not find any clocks to derive.  No clocks were created or changed.
Warning (332068): No clocks defined in design.
Info (332154): The derive_clock_uncertainty command did not apply clock uncertainty to any clock-to-clock transfers.
Info (332140): No fmax paths to report
Info (332140): No Setup paths to report
Info (332140): No Hold paths to report
Info (332140): No Recovery paths to report
Info (332140): No Removal paths to report
Info (332140): No Minimum Pulse Width paths to report
Info: Analyzing Fast 1200mV 0C Model
Info (332142): No user constrained base clocks found in the design. Calling "derive_clocks -period 1.0"
Info (332096): The command derive_clocks did not find any clocks to derive.  No clocks were created or changed.
Warning (332068): No clocks defined in design.
Info (332154): The derive_clock_uncertainty command did not apply clock uncertainty to any clock-to-clock transfers.
Info (332140): No Setup paths to report
Info (332140): No Hold paths to report
Info (332140): No Recovery paths to report
Info (332140): No Removal paths to report
Info (332140): No Minimum Pulse Width paths to report
Info (332102): Design is not fully constrained for setup requirements
Info (332102): Design is not fully constrained for hold requirements
Info: Quartus II 64-Bit TimeQuest Timing Analyzer was successful. 0 errors, 4 warnings
    Info: Peak virtual memory: 4857 megabytes
    Info: Processing ended: Fri Sep 25 00:00:03 2020
    Info: Elapsed time: 00:00:02
    Info: Total CPU time (on all processors): 00:00:02


